<!DOCTYPE html PUBLIC "-//W3C//DTD XHTML 1.0 Transitional//EN" "http://www.w3.org/TR/xhtml1/DTD/xhtml1-transitional.dtd">
<!-- Generated by Apache Maven Doxia Site Renderer 1.4 at 2016-12-05 -->
<html xmlns="http://www.w3.org/1999/xhtml" xml:lang="en" lang="en">
  <head>
    <meta http-equiv="Content-Type" content="text/html; charset=UTF-8" />
    <title>HW41 - Surefire Report</title>
    <style type="text/css" media="all">
      @import url("./css/maven-base.css");
      @import url("./css/maven-theme.css");
      @import url("./css/site.css");
    </style>
    <link rel="stylesheet" href="./css/print.css" type="text/css" media="print" />
    <meta name="Date-Revision-yyyymmdd" content="20161205" />
    <meta http-equiv="Content-Language" content="en" />
        
        </head>
  <body class="composite">
    <div id="banner">
                    <div id="bannerLeft">
                HW41
                </div>
                    <div class="clear">
        <hr/>
      </div>
    </div>
    <div id="breadcrumbs">
            
                    
                <div class="xleft">
        <span id="publishDate">Last Published: 2016-12-05</span>
                  &nbsp;| <span id="projectVersion">Version: 1.1</span>
                      </div>
            <div class="xright">                    <a href="./" title="HW41">HW41</a>
              
                    
      </div>
      <div class="clear">
        <hr/>
      </div>
    </div>
    <div id="leftColumn">
      <div id="navcolumn">
             
                    
                                          <h5>Project Documentation</h5>
                  <ul>
                                                                                                                                                                                <li class="collapsed">
                          <a href="project-info.html" title="Project Information">Project Information</a>
                  </li>
                                                                              <li class="expanded">
                          <a href="project-reports.html" title="Project Reports">Project Reports</a>
                    <ul>
                      <li class="none">
            <strong>Surefire Report</strong>
          </li>
              </ul>
        </li>
          </ul>
                             <a href="http://maven.apache.org/" title="Built by Maven" class="poweredBy">
        <img class="poweredBy" alt="Built by Maven" src="./images/logos/maven-feather.png" />
      </a>
                   
                    
            </div>
    </div>
    <div id="bodyColumn">
      <div id="contentBox">
        <script type="text/javascript">
//<![CDATA[
function toggleDisplay(elementId) {
 var elm = document.getElementById(elementId + 'error');
 if (elm && typeof elm.style != "undefined") {
 if (elm.style.display == "none") {
 elm.style.display = "";
 document.getElementById(elementId + 'off').style.display = "none";
 document.getElementById(elementId + 'on').style.display = "inline";
 } else if (elm.style.display == "") { elm.style.display = "none";
 document.getElementById(elementId + 'off').style.display = "inline";
 document.getElementById(elementId + 'on').style.display = "none";
 } 
 } 
 }
//]]>
</script>
<div class="section">
<h2>Surefire Report<a name="Surefire_Report"></a></h2></div>
<div class="section">
<h2>Summary<a name="Summary"></a></h2><a name="Summary"></a>
<p>[<a href="#Summary">Summary</a>] [<a href="#Package_List">Package List</a>] [<a href="#Test_Cases">Test Cases</a>]</p><br />
<table border="1" class="bodyTable">
<tr class="a">
<th>Tests</th>
<th>Errors </th>
<th>Failures</th>
<th>Skipped</th>
<th>Success Rate</th>
<th>Time</th></tr>
<tr class="b">
<td>25</td>
<td>0</td>
<td>15</td>
<td>0</td>
<td>40%</td>
<td>0.046</td></tr></table><br />
<p>Note: failures are anticipated and checked for with assertions while errors are unanticipated.</p><br /></div>
<div class="section">
<h2>Package List<a name="Package_List"></a></h2><a name="Package_List"></a>
<p>[<a href="#Summary">Summary</a>] [<a href="#Package_List">Package List</a>] [<a href="#Test_Cases">Test Cases</a>]</p><br />
<table border="1" class="bodyTable">
<tr class="a">
<th>Package</th>
<th>Tests</th>
<th>Errors </th>
<th>Failures</th>
<th>Skipped</th>
<th>Success Rate</th>
<th>Time</th></tr>
<tr class="b">
<td><a href="#core">core</a></td>
<td>25</td>
<td>0</td>
<td>15</td>
<td>0</td>
<td>40%</td>
<td>0.046</td></tr></table><br />
<p>Note: package statistics are not computed recursively, they only sum up all of its testsuites numbers.</p>
<div class="section">
<h3>core<a name="core"></a></h3><a name="core"></a>
<table border="1" class="bodyTable">
<tr class="a">
<th></th>
<th>Class</th>
<th>Tests</th>
<th>Errors </th>
<th>Failures</th>
<th>Skipped</th>
<th>Success Rate</th>
<th>Time</th></tr>
<tr class="b">
<td><a href="#coreMultipleTest"><img src="images/icon_warning_sml.gif" alt="" /></a></td>
<td><a href="#coreMultipleTest">MultipleTest</a></td>
<td>25</td>
<td>0</td>
<td>15</td>
<td>0</td>
<td>40%</td>
<td>0.046</td></tr></table></div><br /></div>
<div class="section">
<h2>Test Cases<a name="Test_Cases"></a></h2><a name="Test_Cases"></a>
<p>[<a href="#Summary">Summary</a>] [<a href="#Package_List">Package List</a>] [<a href="#Test_Cases">Test Cases</a>]</p>
<div class="section">
<h3>MultipleTest<a name="MultipleTest"></a></h3><a name="coreMultipleTest"></a>
<table border="1" class="bodyTable">
<tr class="a">
<td><img src="images/icon_success_sml.gif" alt="" /></td>
<td><a name="TC_core.MultipleTest.test_Title_ValidationIteration__0_:_exp:_learn2test.net_act:_learn2test.net"></a>test_Title_Validation[Iteration # 0 : exp: learn2test.net; act: learn2test.net]</td>
<td>0.003</td></tr>
<tr class="b">
<td><img src="images/icon_success_sml.gif" alt="" /></td>
<td><a name="TC_core.MultipleTest.test_Title_ValidationIteration__1_:_exp:_www.alegro.com_act:_www.alegro.com"></a>test_Title_Validation[Iteration # 1 : exp: www.alegro.com; act: www.alegro.com]</td>
<td>0.001</td></tr>
<tr class="a">
<td><a href="#core.MultipleTest.test_Title_ValidationIteration__2_:_exp:_www.alegro.net_act:_alegro.net"><img src="images/icon_error_sml.gif" alt="" /></a></td>
<td><a name="TC_core.MultipleTest.test_Title_ValidationIteration__2_:_exp:_www.alegro.net_act:_alegro.net"></a><a href="#core.MultipleTest.test_Title_ValidationIteration__2_:_exp:_www.alegro.net_act:_alegro.net">test_Title_Validation[Iteration # 2 : exp: www.alegro.net; act: alegro.net]</a>
<div class="detailToggle" style="display:inline"><a href="javascript:toggleDisplay(&apos;core.MultipleTest.test_Title_ValidationIteration__2_:_exp:_www.alegro.net_act:_alegro.net&apos;);"><span style="display:inline;" id="core.MultipleTest.test_Title_ValidationIteration__2_:_exp:_www.alegro.net_act:_alegro.netoff"> + </span><span style="display:none;" id="core.MultipleTest.test_Title_ValidationIteration__2_:_exp:_www.alegro.net_act:_alegro.neton"> - </span>[ Detail ]</a></div></td>
<td>0.016</td></tr>
<tr class="b">
<td></td>
<td>FAILED expected:&lt;[www.]alegro.net&gt; but was:&lt;[]alegro.net&gt;</td>
<td></td></tr>
<tr class="a">
<td></td>
<td>
<div id="core.MultipleTest.test_Title_ValidationIteration__2_:_exp:_www.alegro.net_act:_alegro.neterror" style="display:none;">
<div>
<pre>org.junit.ComparisonFailure: FAILED expected:&lt;[www.]alegro.net&gt; but was:&lt;[]alegro.net&gt;
	at org.junit.Assert.assertEquals(Assert.java:115)
	at core.MultipleTest.test_Title_Validation(MultipleTest.java:66)
	at sun.reflect.NativeMethodAccessorImpl.invoke0(Native Method)
	at sun.reflect.NativeMethodAccessorImpl.invoke(NativeMethodAccessorImpl.java:57)
	at sun.reflect.DelegatingMethodAccessorImpl.invoke(DelegatingMethodAccessorImpl.java:43)
	at java.lang.reflect.Method.invoke(Method.java:606)
	at org.junit.runners.model.FrameworkMethod$1.runReflectiveCall(FrameworkMethod.java:50)
	at org.junit.internal.runners.model.ReflectiveCallable.run(ReflectiveCallable.java:12)
	at org.junit.runners.model.FrameworkMethod.invokeExplosively(FrameworkMethod.java:47)
	at org.junit.internal.runners.statements.InvokeMethod.evaluate(InvokeMethod.java:17)
	at org.junit.runners.ParentRunner.runLeaf(ParentRunner.java:325)
	at org.junit.runners.BlockJUnit4ClassRunner.runChild(BlockJUnit4ClassRunner.java:78)
	at org.junit.runners.BlockJUnit4ClassRunner.runChild(BlockJUnit4ClassRunner.java:57)
	at org.junit.runners.ParentRunner$3.run(ParentRunner.java:290)
	at org.junit.runners.ParentRunner$1.schedule(ParentRunner.java:71)
	at org.junit.runners.ParentRunner.runChildren(ParentRunner.java:288)
	at org.junit.runners.ParentRunner.access$000(ParentRunner.java:58)
	at org.junit.runners.ParentRunner$2.evaluate(ParentRunner.java:268)
	at org.junit.runners.ParentRunner.run(ParentRunner.java:363)
	at org.junit.runners.Suite.runChild(Suite.java:128)
	at org.junit.runners.Suite.runChild(Suite.java:27)
	at org.junit.runners.ParentRunner$3.run(ParentRunner.java:290)
	at org.junit.runners.ParentRunner$1.schedule(ParentRunner.java:71)
	at org.junit.runners.ParentRunner.runChildren(ParentRunner.java:288)
	at org.junit.runners.ParentRunner.access$000(ParentRunner.java:58)
	at org.junit.runners.ParentRunner$2.evaluate(ParentRunner.java:268)
	at org.junit.internal.runners.statements.RunBefores.evaluate(RunBefores.java:26)
	at org.junit.runners.ParentRunner.run(ParentRunner.java:363)
	at org.junit.runners.Suite.runChild(Suite.java:128)
	at org.junit.runners.Suite.runChild(Suite.java:27)
	at org.junit.runners.ParentRunner$3.run(ParentRunner.java:290)
	at org.junit.runners.ParentRunner$1.schedule(ParentRunner.java:71)
	at org.junit.runners.ParentRunner.runChildren(ParentRunner.java:288)
	at org.junit.runners.ParentRunner.access$000(ParentRunner.java:58)
	at org.junit.runners.ParentRunner$2.evaluate(ParentRunner.java:268)
	at org.junit.runners.ParentRunner.run(ParentRunner.java:363)
	at org.apache.maven.surefire.junit4.JUnit4Provider.execute(JUnit4Provider.java:252)
	at org.apache.maven.surefire.junit4.JUnit4Provider.executeTestSet(JUnit4Provider.java:141)
	at org.apache.maven.surefire.junit4.JUnit4Provider.invoke(JUnit4Provider.java:112)
	at sun.reflect.NativeMethodAccessorImpl.invoke0(Native Method)
	at sun.reflect.NativeMethodAccessorImpl.invoke(NativeMethodAccessorImpl.java:57)
	at sun.reflect.DelegatingMethodAccessorImpl.invoke(DelegatingMethodAccessorImpl.java:43)
	at java.lang.reflect.Method.invoke(Method.java:606)
	at org.apache.maven.surefire.util.ReflectionUtils.invokeMethodWithArray(ReflectionUtils.java:189)
	at org.apache.maven.surefire.booter.ProviderFactory$ProviderProxy.invoke(ProviderFactory.java:165)
	at org.apache.maven.surefire.booter.ProviderFactory.invokeProvider(ProviderFactory.java:85)
	at org.apache.maven.surefire.booter.ForkedBooter.runSuitesInProcess(ForkedBooter.java:115)
	at org.apache.maven.surefire.booter.ForkedBooter.main(ForkedBooter.java:75)</pre></div></div></td>
<td></td></tr>
<tr class="b">
<td><img src="images/icon_success_sml.gif" alt="" /></td>
<td><a name="TC_core.MultipleTest.test_Title_ValidationIteration__3_:_exp:_learn2test.net_act:_learn2test.net"></a>test_Title_Validation[Iteration # 3 : exp: learn2test.net; act: learn2test.net]</td>
<td>0</td></tr>
<tr class="a">
<td><a href="#core.MultipleTest.test_Title_ValidationIteration__4_:_exp:_Electronics_act:_Electronics_Cars_Fashion_Collectibles_Coupons_and_More__eBay"><img src="images/icon_error_sml.gif" alt="" /></a></td>
<td><a name="TC_core.MultipleTest.test_Title_ValidationIteration__4_:_exp:_Electronics_act:_Electronics_Cars_Fashion_Collectibles_Coupons_and_More__eBay"></a><a href="#core.MultipleTest.test_Title_ValidationIteration__4_:_exp:_Electronics_act:_Electronics_Cars_Fashion_Collectibles_Coupons_and_More__eBay">test_Title_Validation[Iteration # 4 : exp: Electronics; act: Electronics, Cars, Fashion, Collectibles, Coupons and More | eBay]</a>
<div class="detailToggle" style="display:inline"><a href="javascript:toggleDisplay(&apos;core.MultipleTest.test_Title_ValidationIteration__4_:_exp:_Electronics_act:_Electronics_Cars_Fashion_Collectibles_Coupons_and_More__eBay&apos;);"><span style="display:inline;" id="core.MultipleTest.test_Title_ValidationIteration__4_:_exp:_Electronics_act:_Electronics_Cars_Fashion_Collectibles_Coupons_and_More__eBayoff"> + </span><span style="display:none;" id="core.MultipleTest.test_Title_ValidationIteration__4_:_exp:_Electronics_act:_Electronics_Cars_Fashion_Collectibles_Coupons_and_More__eBayon"> - </span>[ Detail ]</a></div></td>
<td>0.001</td></tr>
<tr class="b">
<td></td>
<td>FAILED expected:&lt;Electronics[]&gt; but was:&lt;Electronics[, Cars, Fashion, Collectibles, Coupons and More | eBay]&gt;</td>
<td></td></tr>
<tr class="a">
<td></td>
<td>
<div id="core.MultipleTest.test_Title_ValidationIteration__4_:_exp:_Electronics_act:_Electronics_Cars_Fashion_Collectibles_Coupons_and_More__eBayerror" style="display:none;">
<div>
<pre>org.junit.ComparisonFailure: FAILED expected:&lt;Electronics[]&gt; but was:&lt;Electronics[, Cars, Fashion, Collectibles, Coupons and More | eBay]&gt;
	at org.junit.Assert.assertEquals(Assert.java:115)
	at core.MultipleTest.test_Title_Validation(MultipleTest.java:66)
	at sun.reflect.NativeMethodAccessorImpl.invoke0(Native Method)
	at sun.reflect.NativeMethodAccessorImpl.invoke(NativeMethodAccessorImpl.java:57)
	at sun.reflect.DelegatingMethodAccessorImpl.invoke(DelegatingMethodAccessorImpl.java:43)
	at java.lang.reflect.Method.invoke(Method.java:606)
	at org.junit.runners.model.FrameworkMethod$1.runReflectiveCall(FrameworkMethod.java:50)
	at org.junit.internal.runners.model.ReflectiveCallable.run(ReflectiveCallable.java:12)
	at org.junit.runners.model.FrameworkMethod.invokeExplosively(FrameworkMethod.java:47)
	at org.junit.internal.runners.statements.InvokeMethod.evaluate(InvokeMethod.java:17)
	at org.junit.runners.ParentRunner.runLeaf(ParentRunner.java:325)
	at org.junit.runners.BlockJUnit4ClassRunner.runChild(BlockJUnit4ClassRunner.java:78)
	at org.junit.runners.BlockJUnit4ClassRunner.runChild(BlockJUnit4ClassRunner.java:57)
	at org.junit.runners.ParentRunner$3.run(ParentRunner.java:290)
	at org.junit.runners.ParentRunner$1.schedule(ParentRunner.java:71)
	at org.junit.runners.ParentRunner.runChildren(ParentRunner.java:288)
	at org.junit.runners.ParentRunner.access$000(ParentRunner.java:58)
	at org.junit.runners.ParentRunner$2.evaluate(ParentRunner.java:268)
	at org.junit.runners.ParentRunner.run(ParentRunner.java:363)
	at org.junit.runners.Suite.runChild(Suite.java:128)
	at org.junit.runners.Suite.runChild(Suite.java:27)
	at org.junit.runners.ParentRunner$3.run(ParentRunner.java:290)
	at org.junit.runners.ParentRunner$1.schedule(ParentRunner.java:71)
	at org.junit.runners.ParentRunner.runChildren(ParentRunner.java:288)
	at org.junit.runners.ParentRunner.access$000(ParentRunner.java:58)
	at org.junit.runners.ParentRunner$2.evaluate(ParentRunner.java:268)
	at org.junit.internal.runners.statements.RunBefores.evaluate(RunBefores.java:26)
	at org.junit.runners.ParentRunner.run(ParentRunner.java:363)
	at org.junit.runners.Suite.runChild(Suite.java:128)
	at org.junit.runners.Suite.runChild(Suite.java:27)
	at org.junit.runners.ParentRunner$3.run(ParentRunner.java:290)
	at org.junit.runners.ParentRunner$1.schedule(ParentRunner.java:71)
	at org.junit.runners.ParentRunner.runChildren(ParentRunner.java:288)
	at org.junit.runners.ParentRunner.access$000(ParentRunner.java:58)
	at org.junit.runners.ParentRunner$2.evaluate(ParentRunner.java:268)
	at org.junit.runners.ParentRunner.run(ParentRunner.java:363)
	at org.apache.maven.surefire.junit4.JUnit4Provider.execute(JUnit4Provider.java:252)
	at org.apache.maven.surefire.junit4.JUnit4Provider.executeTestSet(JUnit4Provider.java:141)
	at org.apache.maven.surefire.junit4.JUnit4Provider.invoke(JUnit4Provider.java:112)
	at sun.reflect.NativeMethodAccessorImpl.invoke0(Native Method)
	at sun.reflect.NativeMethodAccessorImpl.invoke(NativeMethodAccessorImpl.java:57)
	at sun.reflect.DelegatingMethodAccessorImpl.invoke(DelegatingMethodAccessorImpl.java:43)
	at java.lang.reflect.Method.invoke(Method.java:606)
	at org.apache.maven.surefire.util.ReflectionUtils.invokeMethodWithArray(ReflectionUtils.java:189)
	at org.apache.maven.surefire.booter.ProviderFactory$ProviderProxy.invoke(ProviderFactory.java:165)
	at org.apache.maven.surefire.booter.ProviderFactory.invokeProvider(ProviderFactory.java:85)
	at org.apache.maven.surefire.booter.ForkedBooter.runSuitesInProcess(ForkedBooter.java:115)
	at org.apache.maven.surefire.booter.ForkedBooter.main(ForkedBooter.java:75)</pre></div></div></td>
<td></td></tr>
<tr class="b">
<td><img src="images/icon_success_sml.gif" alt="" /></td>
<td><a name="TC_core.MultipleTest.test_Title_ValidationIteration__5_:_exp:_W3Schools_Online_Web_Tutorials_act:_W3Schools_Online_Web_Tutorials"></a>test_Title_Validation[Iteration # 5 : exp: W3Schools Online Web Tutorials; act: W3Schools Online Web Tutorials]</td>
<td>0.004</td></tr>
<tr class="a">
<td><a href="#core.MultipleTest.test_Title_ValidationIteration__6_:_exp:_W3Schools_Online_Web_Tutorial__act:_W3Schools_Online_Web_Tutorials"><img src="images/icon_error_sml.gif" alt="" /></a></td>
<td><a name="TC_core.MultipleTest.test_Title_ValidationIteration__6_:_exp:_W3Schools_Online_Web_Tutorial__act:_W3Schools_Online_Web_Tutorials"></a><a href="#core.MultipleTest.test_Title_ValidationIteration__6_:_exp:_W3Schools_Online_Web_Tutorial__act:_W3Schools_Online_Web_Tutorials">test_Title_Validation[Iteration # 6 : exp: W3Schools Online Web Tutorial ; act: W3Schools Online Web Tutorials]</a>
<div class="detailToggle" style="display:inline"><a href="javascript:toggleDisplay(&apos;core.MultipleTest.test_Title_ValidationIteration__6_:_exp:_W3Schools_Online_Web_Tutorial__act:_W3Schools_Online_Web_Tutorials&apos;);"><span style="display:inline;" id="core.MultipleTest.test_Title_ValidationIteration__6_:_exp:_W3Schools_Online_Web_Tutorial__act:_W3Schools_Online_Web_Tutorialsoff"> + </span><span style="display:none;" id="core.MultipleTest.test_Title_ValidationIteration__6_:_exp:_W3Schools_Online_Web_Tutorial__act:_W3Schools_Online_Web_Tutorialson"> - </span>[ Detail ]</a></div></td>
<td>0.002</td></tr>
<tr class="b">
<td></td>
<td>FAILED expected:&lt;... Online Web Tutorial[ ]&gt; but was:&lt;... Online Web Tutorial[s]&gt;</td>
<td></td></tr>
<tr class="a">
<td></td>
<td>
<div id="core.MultipleTest.test_Title_ValidationIteration__6_:_exp:_W3Schools_Online_Web_Tutorial__act:_W3Schools_Online_Web_Tutorialserror" style="display:none;">
<div>
<pre>org.junit.ComparisonFailure: FAILED expected:&lt;... Online Web Tutorial[ ]&gt; but was:&lt;... Online Web Tutorial[s]&gt;
	at org.junit.Assert.assertEquals(Assert.java:115)
	at core.MultipleTest.test_Title_Validation(MultipleTest.java:66)
	at sun.reflect.NativeMethodAccessorImpl.invoke0(Native Method)
	at sun.reflect.NativeMethodAccessorImpl.invoke(NativeMethodAccessorImpl.java:57)
	at sun.reflect.DelegatingMethodAccessorImpl.invoke(DelegatingMethodAccessorImpl.java:43)
	at java.lang.reflect.Method.invoke(Method.java:606)
	at org.junit.runners.model.FrameworkMethod$1.runReflectiveCall(FrameworkMethod.java:50)
	at org.junit.internal.runners.model.ReflectiveCallable.run(ReflectiveCallable.java:12)
	at org.junit.runners.model.FrameworkMethod.invokeExplosively(FrameworkMethod.java:47)
	at org.junit.internal.runners.statements.InvokeMethod.evaluate(InvokeMethod.java:17)
	at org.junit.runners.ParentRunner.runLeaf(ParentRunner.java:325)
	at org.junit.runners.BlockJUnit4ClassRunner.runChild(BlockJUnit4ClassRunner.java:78)
	at org.junit.runners.BlockJUnit4ClassRunner.runChild(BlockJUnit4ClassRunner.java:57)
	at org.junit.runners.ParentRunner$3.run(ParentRunner.java:290)
	at org.junit.runners.ParentRunner$1.schedule(ParentRunner.java:71)
	at org.junit.runners.ParentRunner.runChildren(ParentRunner.java:288)
	at org.junit.runners.ParentRunner.access$000(ParentRunner.java:58)
	at org.junit.runners.ParentRunner$2.evaluate(ParentRunner.java:268)
	at org.junit.runners.ParentRunner.run(ParentRunner.java:363)
	at org.junit.runners.Suite.runChild(Suite.java:128)
	at org.junit.runners.Suite.runChild(Suite.java:27)
	at org.junit.runners.ParentRunner$3.run(ParentRunner.java:290)
	at org.junit.runners.ParentRunner$1.schedule(ParentRunner.java:71)
	at org.junit.runners.ParentRunner.runChildren(ParentRunner.java:288)
	at org.junit.runners.ParentRunner.access$000(ParentRunner.java:58)
	at org.junit.runners.ParentRunner$2.evaluate(ParentRunner.java:268)
	at org.junit.internal.runners.statements.RunBefores.evaluate(RunBefores.java:26)
	at org.junit.runners.ParentRunner.run(ParentRunner.java:363)
	at org.junit.runners.Suite.runChild(Suite.java:128)
	at org.junit.runners.Suite.runChild(Suite.java:27)
	at org.junit.runners.ParentRunner$3.run(ParentRunner.java:290)
	at org.junit.runners.ParentRunner$1.schedule(ParentRunner.java:71)
	at org.junit.runners.ParentRunner.runChildren(ParentRunner.java:288)
	at org.junit.runners.ParentRunner.access$000(ParentRunner.java:58)
	at org.junit.runners.ParentRunner$2.evaluate(ParentRunner.java:268)
	at org.junit.runners.ParentRunner.run(ParentRunner.java:363)
	at org.apache.maven.surefire.junit4.JUnit4Provider.execute(JUnit4Provider.java:252)
	at org.apache.maven.surefire.junit4.JUnit4Provider.executeTestSet(JUnit4Provider.java:141)
	at org.apache.maven.surefire.junit4.JUnit4Provider.invoke(JUnit4Provider.java:112)
	at sun.reflect.NativeMethodAccessorImpl.invoke0(Native Method)
	at sun.reflect.NativeMethodAccessorImpl.invoke(NativeMethodAccessorImpl.java:57)
	at sun.reflect.DelegatingMethodAccessorImpl.invoke(DelegatingMethodAccessorImpl.java:43)
	at java.lang.reflect.Method.invoke(Method.java:606)
	at org.apache.maven.surefire.util.ReflectionUtils.invokeMethodWithArray(ReflectionUtils.java:189)
	at org.apache.maven.surefire.booter.ProviderFactory$ProviderProxy.invoke(ProviderFactory.java:165)
	at org.apache.maven.surefire.booter.ProviderFactory.invokeProvider(ProviderFactory.java:85)
	at org.apache.maven.surefire.booter.ForkedBooter.runSuitesInProcess(ForkedBooter.java:115)
	at org.apache.maven.surefire.booter.ForkedBooter.main(ForkedBooter.java:75)</pre></div></div></td>
<td></td></tr>
<tr class="b">
<td><img src="images/icon_success_sml.gif" alt="" /></td>
<td><a name="TC_core.MultipleTest.test_Title_ValidationIteration__7_:_exp:_Google_act:_Google"></a>test_Title_Validation[Iteration # 7 : exp: Google; act: Google]</td>
<td>0.001</td></tr>
<tr class="a">
<td><a href="#core.MultipleTest.test_Title_ValidationIteration__8_:_exp:_Google1_act:_Google"><img src="images/icon_error_sml.gif" alt="" /></a></td>
<td><a name="TC_core.MultipleTest.test_Title_ValidationIteration__8_:_exp:_Google1_act:_Google"></a><a href="#core.MultipleTest.test_Title_ValidationIteration__8_:_exp:_Google1_act:_Google">test_Title_Validation[Iteration # 8 : exp: Google1; act: Google]</a>
<div class="detailToggle" style="display:inline"><a href="javascript:toggleDisplay(&apos;core.MultipleTest.test_Title_ValidationIteration__8_:_exp:_Google1_act:_Google&apos;);"><span style="display:inline;" id="core.MultipleTest.test_Title_ValidationIteration__8_:_exp:_Google1_act:_Googleoff"> + </span><span style="display:none;" id="core.MultipleTest.test_Title_ValidationIteration__8_:_exp:_Google1_act:_Googleon"> - </span>[ Detail ]</a></div></td>
<td>0.001</td></tr>
<tr class="b">
<td></td>
<td>FAILED expected:&lt;Google[1]&gt; but was:&lt;Google[]&gt;</td>
<td></td></tr>
<tr class="a">
<td></td>
<td>
<div id="core.MultipleTest.test_Title_ValidationIteration__8_:_exp:_Google1_act:_Googleerror" style="display:none;">
<div>
<pre>org.junit.ComparisonFailure: FAILED expected:&lt;Google[1]&gt; but was:&lt;Google[]&gt;
	at org.junit.Assert.assertEquals(Assert.java:115)
	at core.MultipleTest.test_Title_Validation(MultipleTest.java:66)
	at sun.reflect.NativeMethodAccessorImpl.invoke0(Native Method)
	at sun.reflect.NativeMethodAccessorImpl.invoke(NativeMethodAccessorImpl.java:57)
	at sun.reflect.DelegatingMethodAccessorImpl.invoke(DelegatingMethodAccessorImpl.java:43)
	at java.lang.reflect.Method.invoke(Method.java:606)
	at org.junit.runners.model.FrameworkMethod$1.runReflectiveCall(FrameworkMethod.java:50)
	at org.junit.internal.runners.model.ReflectiveCallable.run(ReflectiveCallable.java:12)
	at org.junit.runners.model.FrameworkMethod.invokeExplosively(FrameworkMethod.java:47)
	at org.junit.internal.runners.statements.InvokeMethod.evaluate(InvokeMethod.java:17)
	at org.junit.runners.ParentRunner.runLeaf(ParentRunner.java:325)
	at org.junit.runners.BlockJUnit4ClassRunner.runChild(BlockJUnit4ClassRunner.java:78)
	at org.junit.runners.BlockJUnit4ClassRunner.runChild(BlockJUnit4ClassRunner.java:57)
	at org.junit.runners.ParentRunner$3.run(ParentRunner.java:290)
	at org.junit.runners.ParentRunner$1.schedule(ParentRunner.java:71)
	at org.junit.runners.ParentRunner.runChildren(ParentRunner.java:288)
	at org.junit.runners.ParentRunner.access$000(ParentRunner.java:58)
	at org.junit.runners.ParentRunner$2.evaluate(ParentRunner.java:268)
	at org.junit.runners.ParentRunner.run(ParentRunner.java:363)
	at org.junit.runners.Suite.runChild(Suite.java:128)
	at org.junit.runners.Suite.runChild(Suite.java:27)
	at org.junit.runners.ParentRunner$3.run(ParentRunner.java:290)
	at org.junit.runners.ParentRunner$1.schedule(ParentRunner.java:71)
	at org.junit.runners.ParentRunner.runChildren(ParentRunner.java:288)
	at org.junit.runners.ParentRunner.access$000(ParentRunner.java:58)
	at org.junit.runners.ParentRunner$2.evaluate(ParentRunner.java:268)
	at org.junit.internal.runners.statements.RunBefores.evaluate(RunBefores.java:26)
	at org.junit.runners.ParentRunner.run(ParentRunner.java:363)
	at org.junit.runners.Suite.runChild(Suite.java:128)
	at org.junit.runners.Suite.runChild(Suite.java:27)
	at org.junit.runners.ParentRunner$3.run(ParentRunner.java:290)
	at org.junit.runners.ParentRunner$1.schedule(ParentRunner.java:71)
	at org.junit.runners.ParentRunner.runChildren(ParentRunner.java:288)
	at org.junit.runners.ParentRunner.access$000(ParentRunner.java:58)
	at org.junit.runners.ParentRunner$2.evaluate(ParentRunner.java:268)
	at org.junit.runners.ParentRunner.run(ParentRunner.java:363)
	at org.apache.maven.surefire.junit4.JUnit4Provider.execute(JUnit4Provider.java:252)
	at org.apache.maven.surefire.junit4.JUnit4Provider.executeTestSet(JUnit4Provider.java:141)
	at org.apache.maven.surefire.junit4.JUnit4Provider.invoke(JUnit4Provider.java:112)
	at sun.reflect.NativeMethodAccessorImpl.invoke0(Native Method)
	at sun.reflect.NativeMethodAccessorImpl.invoke(NativeMethodAccessorImpl.java:57)
	at sun.reflect.DelegatingMethodAccessorImpl.invoke(DelegatingMethodAccessorImpl.java:43)
	at java.lang.reflect.Method.invoke(Method.java:606)
	at org.apache.maven.surefire.util.ReflectionUtils.invokeMethodWithArray(ReflectionUtils.java:189)
	at org.apache.maven.surefire.booter.ProviderFactory$ProviderProxy.invoke(ProviderFactory.java:165)
	at org.apache.maven.surefire.booter.ProviderFactory.invokeProvider(ProviderFactory.java:85)
	at org.apache.maven.surefire.booter.ForkedBooter.runSuitesInProcess(ForkedBooter.java:115)
	at org.apache.maven.surefire.booter.ForkedBooter.main(ForkedBooter.java:75)</pre></div></div></td>
<td></td></tr>
<tr class="b">
<td><img src="images/icon_success_sml.gif" alt="" /></td>
<td><a name="TC_core.MultipleTest.test_Title_ValidationIteration__9_:_exp:_Yahoo_act:_Yahoo"></a>test_Title_Validation[Iteration # 9 : exp: Yahoo; act: Yahoo]</td>
<td>0</td></tr>
<tr class="a">
<td><a href="#core.MultipleTest.test_Title_ValidationIteration__10_:_exp:_Yaho_act:_Yahoo"><img src="images/icon_error_sml.gif" alt="" /></a></td>
<td><a name="TC_core.MultipleTest.test_Title_ValidationIteration__10_:_exp:_Yaho_act:_Yahoo"></a><a href="#core.MultipleTest.test_Title_ValidationIteration__10_:_exp:_Yaho_act:_Yahoo">test_Title_Validation[Iteration # 10 : exp: Yaho; act: Yahoo]</a>
<div class="detailToggle" style="display:inline"><a href="javascript:toggleDisplay(&apos;core.MultipleTest.test_Title_ValidationIteration__10_:_exp:_Yaho_act:_Yahoo&apos;);"><span style="display:inline;" id="core.MultipleTest.test_Title_ValidationIteration__10_:_exp:_Yaho_act:_Yahoooff"> + </span><span style="display:none;" id="core.MultipleTest.test_Title_ValidationIteration__10_:_exp:_Yaho_act:_Yahooon"> - </span>[ Detail ]</a></div></td>
<td>0.001</td></tr>
<tr class="b">
<td></td>
<td>FAILED expected:&lt;Yaho[]&gt; but was:&lt;Yaho[o]&gt;</td>
<td></td></tr>
<tr class="a">
<td></td>
<td>
<div id="core.MultipleTest.test_Title_ValidationIteration__10_:_exp:_Yaho_act:_Yahooerror" style="display:none;">
<div>
<pre>org.junit.ComparisonFailure: FAILED expected:&lt;Yaho[]&gt; but was:&lt;Yaho[o]&gt;
	at org.junit.Assert.assertEquals(Assert.java:115)
	at core.MultipleTest.test_Title_Validation(MultipleTest.java:66)
	at sun.reflect.NativeMethodAccessorImpl.invoke0(Native Method)
	at sun.reflect.NativeMethodAccessorImpl.invoke(NativeMethodAccessorImpl.java:57)
	at sun.reflect.DelegatingMethodAccessorImpl.invoke(DelegatingMethodAccessorImpl.java:43)
	at java.lang.reflect.Method.invoke(Method.java:606)
	at org.junit.runners.model.FrameworkMethod$1.runReflectiveCall(FrameworkMethod.java:50)
	at org.junit.internal.runners.model.ReflectiveCallable.run(ReflectiveCallable.java:12)
	at org.junit.runners.model.FrameworkMethod.invokeExplosively(FrameworkMethod.java:47)
	at org.junit.internal.runners.statements.InvokeMethod.evaluate(InvokeMethod.java:17)
	at org.junit.runners.ParentRunner.runLeaf(ParentRunner.java:325)
	at org.junit.runners.BlockJUnit4ClassRunner.runChild(BlockJUnit4ClassRunner.java:78)
	at org.junit.runners.BlockJUnit4ClassRunner.runChild(BlockJUnit4ClassRunner.java:57)
	at org.junit.runners.ParentRunner$3.run(ParentRunner.java:290)
	at org.junit.runners.ParentRunner$1.schedule(ParentRunner.java:71)
	at org.junit.runners.ParentRunner.runChildren(ParentRunner.java:288)
	at org.junit.runners.ParentRunner.access$000(ParentRunner.java:58)
	at org.junit.runners.ParentRunner$2.evaluate(ParentRunner.java:268)
	at org.junit.runners.ParentRunner.run(ParentRunner.java:363)
	at org.junit.runners.Suite.runChild(Suite.java:128)
	at org.junit.runners.Suite.runChild(Suite.java:27)
	at org.junit.runners.ParentRunner$3.run(ParentRunner.java:290)
	at org.junit.runners.ParentRunner$1.schedule(ParentRunner.java:71)
	at org.junit.runners.ParentRunner.runChildren(ParentRunner.java:288)
	at org.junit.runners.ParentRunner.access$000(ParentRunner.java:58)
	at org.junit.runners.ParentRunner$2.evaluate(ParentRunner.java:268)
	at org.junit.internal.runners.statements.RunBefores.evaluate(RunBefores.java:26)
	at org.junit.runners.ParentRunner.run(ParentRunner.java:363)
	at org.junit.runners.Suite.runChild(Suite.java:128)
	at org.junit.runners.Suite.runChild(Suite.java:27)
	at org.junit.runners.ParentRunner$3.run(ParentRunner.java:290)
	at org.junit.runners.ParentRunner$1.schedule(ParentRunner.java:71)
	at org.junit.runners.ParentRunner.runChildren(ParentRunner.java:288)
	at org.junit.runners.ParentRunner.access$000(ParentRunner.java:58)
	at org.junit.runners.ParentRunner$2.evaluate(ParentRunner.java:268)
	at org.junit.runners.ParentRunner.run(ParentRunner.java:363)
	at org.apache.maven.surefire.junit4.JUnit4Provider.execute(JUnit4Provider.java:252)
	at org.apache.maven.surefire.junit4.JUnit4Provider.executeTestSet(JUnit4Provider.java:141)
	at org.apache.maven.surefire.junit4.JUnit4Provider.invoke(JUnit4Provider.java:112)
	at sun.reflect.NativeMethodAccessorImpl.invoke0(Native Method)
	at sun.reflect.NativeMethodAccessorImpl.invoke(NativeMethodAccessorImpl.java:57)
	at sun.reflect.DelegatingMethodAccessorImpl.invoke(DelegatingMethodAccessorImpl.java:43)
	at java.lang.reflect.Method.invoke(Method.java:606)
	at org.apache.maven.surefire.util.ReflectionUtils.invokeMethodWithArray(ReflectionUtils.java:189)
	at org.apache.maven.surefire.booter.ProviderFactory$ProviderProxy.invoke(ProviderFactory.java:165)
	at org.apache.maven.surefire.booter.ProviderFactory.invokeProvider(ProviderFactory.java:85)
	at org.apache.maven.surefire.booter.ForkedBooter.runSuitesInProcess(ForkedBooter.java:115)
	at org.apache.maven.surefire.booter.ForkedBooter.main(ForkedBooter.java:75)</pre></div></div></td>
<td></td></tr>
<tr class="b">
<td><img src="images/icon_success_sml.gif" alt="" /></td>
<td><a name="TC_core.MultipleTest.test_Title_ValidationIteration__11_:_exp:_Kirkwood_Mountain__Rare_Earth__kirkwood.com_act:_Kirkwood_Mountain__Rare_Earth__kirkwood.com"></a>test_Title_Validation[Iteration # 11 : exp: Kirkwood Mountain | Rare Earth | kirkwood.com; act: Kirkwood Mountain | Rare Earth | kirkwood.com]</td>
<td>0</td></tr>
<tr class="a">
<td><a href="#core.MultipleTest.test_Title_ValidationIteration__12_:_exp:_Kirkwood_Mountain__Rare_Earth__kirkwood.co_act:_Kirkwood_Mountain__Rare_Earth__kirkwood.com"><img src="images/icon_error_sml.gif" alt="" /></a></td>
<td><a name="TC_core.MultipleTest.test_Title_ValidationIteration__12_:_exp:_Kirkwood_Mountain__Rare_Earth__kirkwood.co_act:_Kirkwood_Mountain__Rare_Earth__kirkwood.com"></a><a href="#core.MultipleTest.test_Title_ValidationIteration__12_:_exp:_Kirkwood_Mountain__Rare_Earth__kirkwood.co_act:_Kirkwood_Mountain__Rare_Earth__kirkwood.com">test_Title_Validation[Iteration # 12 : exp: Kirkwood Mountain | Rare Earth | kirkwood.co; act: Kirkwood Mountain | Rare Earth | kirkwood.com]</a>
<div class="detailToggle" style="display:inline"><a href="javascript:toggleDisplay(&apos;core.MultipleTest.test_Title_ValidationIteration__12_:_exp:_Kirkwood_Mountain__Rare_Earth__kirkwood.co_act:_Kirkwood_Mountain__Rare_Earth__kirkwood.com&apos;);"><span style="display:inline;" id="core.MultipleTest.test_Title_ValidationIteration__12_:_exp:_Kirkwood_Mountain__Rare_Earth__kirkwood.co_act:_Kirkwood_Mountain__Rare_Earth__kirkwood.comoff"> + </span><span style="display:none;" id="core.MultipleTest.test_Title_ValidationIteration__12_:_exp:_Kirkwood_Mountain__Rare_Earth__kirkwood.co_act:_Kirkwood_Mountain__Rare_Earth__kirkwood.comon"> - </span>[ Detail ]</a></div></td>
<td>0.001</td></tr>
<tr class="b">
<td></td>
<td>FAILED expected:&lt;... Earth | kirkwood.co[]&gt; but was:&lt;... Earth | kirkwood.co[m]&gt;</td>
<td></td></tr>
<tr class="a">
<td></td>
<td>
<div id="core.MultipleTest.test_Title_ValidationIteration__12_:_exp:_Kirkwood_Mountain__Rare_Earth__kirkwood.co_act:_Kirkwood_Mountain__Rare_Earth__kirkwood.comerror" style="display:none;">
<div>
<pre>org.junit.ComparisonFailure: FAILED expected:&lt;... Earth | kirkwood.co[]&gt; but was:&lt;... Earth | kirkwood.co[m]&gt;
	at org.junit.Assert.assertEquals(Assert.java:115)
	at core.MultipleTest.test_Title_Validation(MultipleTest.java:66)
	at sun.reflect.NativeMethodAccessorImpl.invoke0(Native Method)
	at sun.reflect.NativeMethodAccessorImpl.invoke(NativeMethodAccessorImpl.java:57)
	at sun.reflect.DelegatingMethodAccessorImpl.invoke(DelegatingMethodAccessorImpl.java:43)
	at java.lang.reflect.Method.invoke(Method.java:606)
	at org.junit.runners.model.FrameworkMethod$1.runReflectiveCall(FrameworkMethod.java:50)
	at org.junit.internal.runners.model.ReflectiveCallable.run(ReflectiveCallable.java:12)
	at org.junit.runners.model.FrameworkMethod.invokeExplosively(FrameworkMethod.java:47)
	at org.junit.internal.runners.statements.InvokeMethod.evaluate(InvokeMethod.java:17)
	at org.junit.runners.ParentRunner.runLeaf(ParentRunner.java:325)
	at org.junit.runners.BlockJUnit4ClassRunner.runChild(BlockJUnit4ClassRunner.java:78)
	at org.junit.runners.BlockJUnit4ClassRunner.runChild(BlockJUnit4ClassRunner.java:57)
	at org.junit.runners.ParentRunner$3.run(ParentRunner.java:290)
	at org.junit.runners.ParentRunner$1.schedule(ParentRunner.java:71)
	at org.junit.runners.ParentRunner.runChildren(ParentRunner.java:288)
	at org.junit.runners.ParentRunner.access$000(ParentRunner.java:58)
	at org.junit.runners.ParentRunner$2.evaluate(ParentRunner.java:268)
	at org.junit.runners.ParentRunner.run(ParentRunner.java:363)
	at org.junit.runners.Suite.runChild(Suite.java:128)
	at org.junit.runners.Suite.runChild(Suite.java:27)
	at org.junit.runners.ParentRunner$3.run(ParentRunner.java:290)
	at org.junit.runners.ParentRunner$1.schedule(ParentRunner.java:71)
	at org.junit.runners.ParentRunner.runChildren(ParentRunner.java:288)
	at org.junit.runners.ParentRunner.access$000(ParentRunner.java:58)
	at org.junit.runners.ParentRunner$2.evaluate(ParentRunner.java:268)
	at org.junit.internal.runners.statements.RunBefores.evaluate(RunBefores.java:26)
	at org.junit.runners.ParentRunner.run(ParentRunner.java:363)
	at org.junit.runners.Suite.runChild(Suite.java:128)
	at org.junit.runners.Suite.runChild(Suite.java:27)
	at org.junit.runners.ParentRunner$3.run(ParentRunner.java:290)
	at org.junit.runners.ParentRunner$1.schedule(ParentRunner.java:71)
	at org.junit.runners.ParentRunner.runChildren(ParentRunner.java:288)
	at org.junit.runners.ParentRunner.access$000(ParentRunner.java:58)
	at org.junit.runners.ParentRunner$2.evaluate(ParentRunner.java:268)
	at org.junit.runners.ParentRunner.run(ParentRunner.java:363)
	at org.apache.maven.surefire.junit4.JUnit4Provider.execute(JUnit4Provider.java:252)
	at org.apache.maven.surefire.junit4.JUnit4Provider.executeTestSet(JUnit4Provider.java:141)
	at org.apache.maven.surefire.junit4.JUnit4Provider.invoke(JUnit4Provider.java:112)
	at sun.reflect.NativeMethodAccessorImpl.invoke0(Native Method)
	at sun.reflect.NativeMethodAccessorImpl.invoke(NativeMethodAccessorImpl.java:57)
	at sun.reflect.DelegatingMethodAccessorImpl.invoke(DelegatingMethodAccessorImpl.java:43)
	at java.lang.reflect.Method.invoke(Method.java:606)
	at org.apache.maven.surefire.util.ReflectionUtils.invokeMethodWithArray(ReflectionUtils.java:189)
	at org.apache.maven.surefire.booter.ProviderFactory$ProviderProxy.invoke(ProviderFactory.java:165)
	at org.apache.maven.surefire.booter.ProviderFactory.invokeProvider(ProviderFactory.java:85)
	at org.apache.maven.surefire.booter.ForkedBooter.runSuitesInProcess(ForkedBooter.java:115)
	at org.apache.maven.surefire.booter.ForkedBooter.main(ForkedBooter.java:75)</pre></div></div></td>
<td></td></tr>
<tr class="b">
<td><img src="images/icon_success_sml.gif" alt="" /></td>
<td><a name="TC_core.MultipleTest.test_Title_ValidationIteration__13_:_exp:_Stack_Overflow_act:_Stack_Overflow"></a>test_Title_Validation[Iteration # 13 : exp: Stack Overflow; act: Stack Overflow]</td>
<td>0</td></tr>
<tr class="a">
<td><a href="#core.MultipleTest.test_Title_ValidationIteration__14_:_exp:_Stack_Overflo_act:_Stack_Overflow"><img src="images/icon_error_sml.gif" alt="" /></a></td>
<td><a name="TC_core.MultipleTest.test_Title_ValidationIteration__14_:_exp:_Stack_Overflo_act:_Stack_Overflow"></a><a href="#core.MultipleTest.test_Title_ValidationIteration__14_:_exp:_Stack_Overflo_act:_Stack_Overflow">test_Title_Validation[Iteration # 14 : exp: Stack Overflo; act: Stack Overflow]</a>
<div class="detailToggle" style="display:inline"><a href="javascript:toggleDisplay(&apos;core.MultipleTest.test_Title_ValidationIteration__14_:_exp:_Stack_Overflo_act:_Stack_Overflow&apos;);"><span style="display:inline;" id="core.MultipleTest.test_Title_ValidationIteration__14_:_exp:_Stack_Overflo_act:_Stack_Overflowoff"> + </span><span style="display:none;" id="core.MultipleTest.test_Title_ValidationIteration__14_:_exp:_Stack_Overflo_act:_Stack_Overflowon"> - </span>[ Detail ]</a></div></td>
<td>0.002</td></tr>
<tr class="b">
<td></td>
<td>FAILED expected:&lt;Stack Overflo[]&gt; but was:&lt;Stack Overflo[w]&gt;</td>
<td></td></tr>
<tr class="a">
<td></td>
<td>
<div id="core.MultipleTest.test_Title_ValidationIteration__14_:_exp:_Stack_Overflo_act:_Stack_Overflowerror" style="display:none;">
<div>
<pre>org.junit.ComparisonFailure: FAILED expected:&lt;Stack Overflo[]&gt; but was:&lt;Stack Overflo[w]&gt;
	at org.junit.Assert.assertEquals(Assert.java:115)
	at core.MultipleTest.test_Title_Validation(MultipleTest.java:66)
	at sun.reflect.NativeMethodAccessorImpl.invoke0(Native Method)
	at sun.reflect.NativeMethodAccessorImpl.invoke(NativeMethodAccessorImpl.java:57)
	at sun.reflect.DelegatingMethodAccessorImpl.invoke(DelegatingMethodAccessorImpl.java:43)
	at java.lang.reflect.Method.invoke(Method.java:606)
	at org.junit.runners.model.FrameworkMethod$1.runReflectiveCall(FrameworkMethod.java:50)
	at org.junit.internal.runners.model.ReflectiveCallable.run(ReflectiveCallable.java:12)
	at org.junit.runners.model.FrameworkMethod.invokeExplosively(FrameworkMethod.java:47)
	at org.junit.internal.runners.statements.InvokeMethod.evaluate(InvokeMethod.java:17)
	at org.junit.runners.ParentRunner.runLeaf(ParentRunner.java:325)
	at org.junit.runners.BlockJUnit4ClassRunner.runChild(BlockJUnit4ClassRunner.java:78)
	at org.junit.runners.BlockJUnit4ClassRunner.runChild(BlockJUnit4ClassRunner.java:57)
	at org.junit.runners.ParentRunner$3.run(ParentRunner.java:290)
	at org.junit.runners.ParentRunner$1.schedule(ParentRunner.java:71)
	at org.junit.runners.ParentRunner.runChildren(ParentRunner.java:288)
	at org.junit.runners.ParentRunner.access$000(ParentRunner.java:58)
	at org.junit.runners.ParentRunner$2.evaluate(ParentRunner.java:268)
	at org.junit.runners.ParentRunner.run(ParentRunner.java:363)
	at org.junit.runners.Suite.runChild(Suite.java:128)
	at org.junit.runners.Suite.runChild(Suite.java:27)
	at org.junit.runners.ParentRunner$3.run(ParentRunner.java:290)
	at org.junit.runners.ParentRunner$1.schedule(ParentRunner.java:71)
	at org.junit.runners.ParentRunner.runChildren(ParentRunner.java:288)
	at org.junit.runners.ParentRunner.access$000(ParentRunner.java:58)
	at org.junit.runners.ParentRunner$2.evaluate(ParentRunner.java:268)
	at org.junit.internal.runners.statements.RunBefores.evaluate(RunBefores.java:26)
	at org.junit.runners.ParentRunner.run(ParentRunner.java:363)
	at org.junit.runners.Suite.runChild(Suite.java:128)
	at org.junit.runners.Suite.runChild(Suite.java:27)
	at org.junit.runners.ParentRunner$3.run(ParentRunner.java:290)
	at org.junit.runners.ParentRunner$1.schedule(ParentRunner.java:71)
	at org.junit.runners.ParentRunner.runChildren(ParentRunner.java:288)
	at org.junit.runners.ParentRunner.access$000(ParentRunner.java:58)
	at org.junit.runners.ParentRunner$2.evaluate(ParentRunner.java:268)
	at org.junit.runners.ParentRunner.run(ParentRunner.java:363)
	at org.apache.maven.surefire.junit4.JUnit4Provider.execute(JUnit4Provider.java:252)
	at org.apache.maven.surefire.junit4.JUnit4Provider.executeTestSet(JUnit4Provider.java:141)
	at org.apache.maven.surefire.junit4.JUnit4Provider.invoke(JUnit4Provider.java:112)
	at sun.reflect.NativeMethodAccessorImpl.invoke0(Native Method)
	at sun.reflect.NativeMethodAccessorImpl.invoke(NativeMethodAccessorImpl.java:57)
	at sun.reflect.DelegatingMethodAccessorImpl.invoke(DelegatingMethodAccessorImpl.java:43)
	at java.lang.reflect.Method.invoke(Method.java:606)
	at org.apache.maven.surefire.util.ReflectionUtils.invokeMethodWithArray(ReflectionUtils.java:189)
	at org.apache.maven.surefire.booter.ProviderFactory$ProviderProxy.invoke(ProviderFactory.java:165)
	at org.apache.maven.surefire.booter.ProviderFactory.invokeProvider(ProviderFactory.java:85)
	at org.apache.maven.surefire.booter.ForkedBooter.runSuitesInProcess(ForkedBooter.java:115)
	at org.apache.maven.surefire.booter.ForkedBooter.main(ForkedBooter.java:75)</pre></div></div></td>
<td></td></tr>
<tr class="b">
<td><img src="images/icon_success_sml.gif" alt="" /></td>
<td><a name="TC_core.MultipleTest.test_Title_ValidationIteration__15_:_exp:_Speedtest.net_by_Ookla_-_The_Global_Broadband_Speed_Test_act:_Speedtest.net_by_Ookla_-_The_Global_Broadband_Speed_Test"></a>test_Title_Validation[Iteration # 15 : exp: Speedtest.net by Ookla - The Global Broadband Speed Test; act: Speedtest.net by Ookla - The Global Broadband Speed Test]</td>
<td>0.001</td></tr>
<tr class="a">
<td><a href="#core.MultipleTest.test_Title_ValidationIteration__16_:_exp:_Speedtest.net_by_Ookla_-_The_Global_Broadband_Speed_Tes_act:_Speedtest.net_by_Ookla_-_The_Global_Broadband_Speed_Test"><img src="images/icon_error_sml.gif" alt="" /></a></td>
<td><a name="TC_core.MultipleTest.test_Title_ValidationIteration__16_:_exp:_Speedtest.net_by_Ookla_-_The_Global_Broadband_Speed_Tes_act:_Speedtest.net_by_Ookla_-_The_Global_Broadband_Speed_Test"></a><a href="#core.MultipleTest.test_Title_ValidationIteration__16_:_exp:_Speedtest.net_by_Ookla_-_The_Global_Broadband_Speed_Tes_act:_Speedtest.net_by_Ookla_-_The_Global_Broadband_Speed_Test">test_Title_Validation[Iteration # 16 : exp: Speedtest.net by Ookla - The Global Broadband Speed Tes; act: Speedtest.net by Ookla - The Global Broadband Speed Test]</a>
<div class="detailToggle" style="display:inline"><a href="javascript:toggleDisplay(&apos;core.MultipleTest.test_Title_ValidationIteration__16_:_exp:_Speedtest.net_by_Ookla_-_The_Global_Broadband_Speed_Tes_act:_Speedtest.net_by_Ookla_-_The_Global_Broadband_Speed_Test&apos;);"><span style="display:inline;" id="core.MultipleTest.test_Title_ValidationIteration__16_:_exp:_Speedtest.net_by_Ookla_-_The_Global_Broadband_Speed_Tes_act:_Speedtest.net_by_Ookla_-_The_Global_Broadband_Speed_Testoff"> + </span><span style="display:none;" id="core.MultipleTest.test_Title_ValidationIteration__16_:_exp:_Speedtest.net_by_Ookla_-_The_Global_Broadband_Speed_Tes_act:_Speedtest.net_by_Ookla_-_The_Global_Broadband_Speed_Teston"> - </span>[ Detail ]</a></div></td>
<td>0.004</td></tr>
<tr class="b">
<td></td>
<td>FAILED expected:&lt;... Broadband Speed Tes[]&gt; but was:&lt;... Broadband Speed Tes[t]&gt;</td>
<td></td></tr>
<tr class="a">
<td></td>
<td>
<div id="core.MultipleTest.test_Title_ValidationIteration__16_:_exp:_Speedtest.net_by_Ookla_-_The_Global_Broadband_Speed_Tes_act:_Speedtest.net_by_Ookla_-_The_Global_Broadband_Speed_Testerror" style="display:none;">
<div>
<pre>org.junit.ComparisonFailure: FAILED expected:&lt;... Broadband Speed Tes[]&gt; but was:&lt;... Broadband Speed Tes[t]&gt;
	at org.junit.Assert.assertEquals(Assert.java:115)
	at core.MultipleTest.test_Title_Validation(MultipleTest.java:66)
	at sun.reflect.GeneratedMethodAccessor1.invoke(Unknown Source)
	at sun.reflect.DelegatingMethodAccessorImpl.invoke(DelegatingMethodAccessorImpl.java:43)
	at java.lang.reflect.Method.invoke(Method.java:606)
	at org.junit.runners.model.FrameworkMethod$1.runReflectiveCall(FrameworkMethod.java:50)
	at org.junit.internal.runners.model.ReflectiveCallable.run(ReflectiveCallable.java:12)
	at org.junit.runners.model.FrameworkMethod.invokeExplosively(FrameworkMethod.java:47)
	at org.junit.internal.runners.statements.InvokeMethod.evaluate(InvokeMethod.java:17)
	at org.junit.runners.ParentRunner.runLeaf(ParentRunner.java:325)
	at org.junit.runners.BlockJUnit4ClassRunner.runChild(BlockJUnit4ClassRunner.java:78)
	at org.junit.runners.BlockJUnit4ClassRunner.runChild(BlockJUnit4ClassRunner.java:57)
	at org.junit.runners.ParentRunner$3.run(ParentRunner.java:290)
	at org.junit.runners.ParentRunner$1.schedule(ParentRunner.java:71)
	at org.junit.runners.ParentRunner.runChildren(ParentRunner.java:288)
	at org.junit.runners.ParentRunner.access$000(ParentRunner.java:58)
	at org.junit.runners.ParentRunner$2.evaluate(ParentRunner.java:268)
	at org.junit.runners.ParentRunner.run(ParentRunner.java:363)
	at org.junit.runners.Suite.runChild(Suite.java:128)
	at org.junit.runners.Suite.runChild(Suite.java:27)
	at org.junit.runners.ParentRunner$3.run(ParentRunner.java:290)
	at org.junit.runners.ParentRunner$1.schedule(ParentRunner.java:71)
	at org.junit.runners.ParentRunner.runChildren(ParentRunner.java:288)
	at org.junit.runners.ParentRunner.access$000(ParentRunner.java:58)
	at org.junit.runners.ParentRunner$2.evaluate(ParentRunner.java:268)
	at org.junit.internal.runners.statements.RunBefores.evaluate(RunBefores.java:26)
	at org.junit.runners.ParentRunner.run(ParentRunner.java:363)
	at org.junit.runners.Suite.runChild(Suite.java:128)
	at org.junit.runners.Suite.runChild(Suite.java:27)
	at org.junit.runners.ParentRunner$3.run(ParentRunner.java:290)
	at org.junit.runners.ParentRunner$1.schedule(ParentRunner.java:71)
	at org.junit.runners.ParentRunner.runChildren(ParentRunner.java:288)
	at org.junit.runners.ParentRunner.access$000(ParentRunner.java:58)
	at org.junit.runners.ParentRunner$2.evaluate(ParentRunner.java:268)
	at org.junit.runners.ParentRunner.run(ParentRunner.java:363)
	at org.apache.maven.surefire.junit4.JUnit4Provider.execute(JUnit4Provider.java:252)
	at org.apache.maven.surefire.junit4.JUnit4Provider.executeTestSet(JUnit4Provider.java:141)
	at org.apache.maven.surefire.junit4.JUnit4Provider.invoke(JUnit4Provider.java:112)
	at sun.reflect.NativeMethodAccessorImpl.invoke0(Native Method)
	at sun.reflect.NativeMethodAccessorImpl.invoke(NativeMethodAccessorImpl.java:57)
	at sun.reflect.DelegatingMethodAccessorImpl.invoke(DelegatingMethodAccessorImpl.java:43)
	at java.lang.reflect.Method.invoke(Method.java:606)
	at org.apache.maven.surefire.util.ReflectionUtils.invokeMethodWithArray(ReflectionUtils.java:189)
	at org.apache.maven.surefire.booter.ProviderFactory$ProviderProxy.invoke(ProviderFactory.java:165)
	at org.apache.maven.surefire.booter.ProviderFactory.invokeProvider(ProviderFactory.java:85)
	at org.apache.maven.surefire.booter.ForkedBooter.runSuitesInProcess(ForkedBooter.java:115)
	at org.apache.maven.surefire.booter.ForkedBooter.main(ForkedBooter.java:75)</pre></div></div></td>
<td></td></tr>
<tr class="b">
<td><img src="images/icon_success_sml.gif" alt="" /></td>
<td><a name="TC_core.MultipleTest.test_Title_ValidationIteration__17_:_exp:_Copart_USA_-_Leader_in_Online_Salvage__Insurance_Auto_Auctions_act:_Copart_USA_-_Leader_in_Online_Salvage__Insurance_Auto_Auctions"></a>test_Title_Validation[Iteration # 17 : exp: Copart USA - Leader in Online Salvage &amp; Insurance Auto Auctions; act: Copart USA - Leader in Online Salvage &amp; Insurance Auto Auctions]</td>
<td>0.002</td></tr>
<tr class="a">
<td><a href="#core.MultipleTest.test_Title_ValidationIteration__18_:_exp:_Copart_USA_-_Leader_in_Online_Salvage__Insurance_Auto_Auction_act:_Copart_USA_-_Leader_in_Online_Salvage__Insurance_Auto_Auctions"><img src="images/icon_error_sml.gif" alt="" /></a></td>
<td><a name="TC_core.MultipleTest.test_Title_ValidationIteration__18_:_exp:_Copart_USA_-_Leader_in_Online_Salvage__Insurance_Auto_Auction_act:_Copart_USA_-_Leader_in_Online_Salvage__Insurance_Auto_Auctions"></a><a href="#core.MultipleTest.test_Title_ValidationIteration__18_:_exp:_Copart_USA_-_Leader_in_Online_Salvage__Insurance_Auto_Auction_act:_Copart_USA_-_Leader_in_Online_Salvage__Insurance_Auto_Auctions">test_Title_Validation[Iteration # 18 : exp: Copart USA - Leader in Online Salvage &amp; Insurance Auto Auction; act: Copart USA - Leader in Online Salvage &amp; Insurance Auto Auctions]</a>
<div class="detailToggle" style="display:inline"><a href="javascript:toggleDisplay(&apos;core.MultipleTest.test_Title_ValidationIteration__18_:_exp:_Copart_USA_-_Leader_in_Online_Salvage__Insurance_Auto_Auction_act:_Copart_USA_-_Leader_in_Online_Salvage__Insurance_Auto_Auctions&apos;);"><span style="display:inline;" id="core.MultipleTest.test_Title_ValidationIteration__18_:_exp:_Copart_USA_-_Leader_in_Online_Salvage__Insurance_Auto_Auction_act:_Copart_USA_-_Leader_in_Online_Salvage__Insurance_Auto_Auctionsoff"> + </span><span style="display:none;" id="core.MultipleTest.test_Title_ValidationIteration__18_:_exp:_Copart_USA_-_Leader_in_Online_Salvage__Insurance_Auto_Auction_act:_Copart_USA_-_Leader_in_Online_Salvage__Insurance_Auto_Auctionson"> - </span>[ Detail ]</a></div></td>
<td>0.001</td></tr>
<tr class="b">
<td></td>
<td>FAILED expected:&lt;...surance Auto Auction[]&gt; but was:&lt;...surance Auto Auction[s]&gt;</td>
<td></td></tr>
<tr class="a">
<td></td>
<td>
<div id="core.MultipleTest.test_Title_ValidationIteration__18_:_exp:_Copart_USA_-_Leader_in_Online_Salvage__Insurance_Auto_Auction_act:_Copart_USA_-_Leader_in_Online_Salvage__Insurance_Auto_Auctionserror" style="display:none;">
<div>
<pre>org.junit.ComparisonFailure: FAILED expected:&lt;...surance Auto Auction[]&gt; but was:&lt;...surance Auto Auction[s]&gt;
	at org.junit.Assert.assertEquals(Assert.java:115)
	at core.MultipleTest.test_Title_Validation(MultipleTest.java:66)
	at sun.reflect.GeneratedMethodAccessor1.invoke(Unknown Source)
	at sun.reflect.DelegatingMethodAccessorImpl.invoke(DelegatingMethodAccessorImpl.java:43)
	at java.lang.reflect.Method.invoke(Method.java:606)
	at org.junit.runners.model.FrameworkMethod$1.runReflectiveCall(FrameworkMethod.java:50)
	at org.junit.internal.runners.model.ReflectiveCallable.run(ReflectiveCallable.java:12)
	at org.junit.runners.model.FrameworkMethod.invokeExplosively(FrameworkMethod.java:47)
	at org.junit.internal.runners.statements.InvokeMethod.evaluate(InvokeMethod.java:17)
	at org.junit.runners.ParentRunner.runLeaf(ParentRunner.java:325)
	at org.junit.runners.BlockJUnit4ClassRunner.runChild(BlockJUnit4ClassRunner.java:78)
	at org.junit.runners.BlockJUnit4ClassRunner.runChild(BlockJUnit4ClassRunner.java:57)
	at org.junit.runners.ParentRunner$3.run(ParentRunner.java:290)	at org.junit.runners.ParentRunner$1.schedule(ParentRunner.java:71)
	at org.junit.runners.ParentRunner.runChildren(ParentRunner.java:288)
	at org.junit.runners.ParentRunner.access$000(ParentRunner.java:58)
	at org.junit.runners.ParentRunner$2.evaluate(ParentRunner.java:268)
	at org.junit.runners.ParentRunner.run(ParentRunner.java:363)
	at org.junit.runners.Suite.runChild(Suite.java:128)
	at org.junit.runners.Suite.runChild(Suite.java:27)
	at org.junit.runners.ParentRunner$3.run(ParentRunner.java:290)
	at org.junit.runners.ParentRunner$1.schedule(ParentRunner.java:71)
	at org.junit.runners.ParentRunner.runChildren(ParentRunner.java:288)
	at org.junit.runners.ParentRunner.access$000(ParentRunner.java:58)
	at org.junit.runners.ParentRunner$2.evaluate(ParentRunner.java:268)
	at org.junit.internal.runners.statements.RunBefores.evaluate(RunBefores.java:26)
	at org.junit.runners.ParentRunner.run(ParentRunner.java:363)
	at org.junit.runners.Suite.runChild(Suite.java:128)
	at org.junit.runners.Suite.runChild(Suite.java:27)
	at org.junit.runners.ParentRunner$3.run(ParentRunner.java:290)
	at org.junit.runners.ParentRunner$1.schedule(ParentRunner.java:71)
	at org.junit.runners.ParentRunner.runChildren(ParentRunner.java:288)
	at org.junit.runners.ParentRunner.access$000(ParentRunner.java:58)
	at org.junit.runners.ParentRunner$2.evaluate(ParentRunner.java:268)
	at org.junit.runners.ParentRunner.run(ParentRunner.java:363)
	at org.apache.maven.surefire.junit4.JUnit4Provider.execute(JUnit4Provider.java:252)
	at org.apache.maven.surefire.junit4.JUnit4Provider.executeTestSet(JUnit4Provider.java:141)
	at org.apache.maven.surefire.junit4.JUnit4Provider.invoke(JUnit4Provider.java:112)
	at sun.reflect.NativeMethodAccessorImpl.invoke0(Native Method)
	at sun.reflect.NativeMethodAccessorImpl.invoke(NativeMethodAccessorImpl.java:57)
	at sun.reflect.DelegatingMethodAccessorImpl.invoke(DelegatingMethodAccessorImpl.java:43)
	at java.lang.reflect.Method.invoke(Method.java:606)
	at org.apache.maven.surefire.util.ReflectionUtils.invokeMethodWithArray(ReflectionUtils.java:189)
	at org.apache.maven.surefire.booter.ProviderFactory$ProviderProxy.invoke(ProviderFactory.java:165)
	at org.apache.maven.surefire.booter.ProviderFactory.invokeProvider(ProviderFactory.java:85)
	at org.apache.maven.surefire.booter.ForkedBooter.runSuitesInProcess(ForkedBooter.java:115)
	at org.apache.maven.surefire.booter.ForkedBooter.main(ForkedBooter.java:75)</pre></div></div></td>
<td></td></tr>
<tr class="b">
<td><a href="#core.MultipleTest.test_Title_ValidationIteration__19_:_exp:_Worlds_Largest_Professional_Network__LinkedIn_act:_Worlds_Largest_Professional_Network__LinkedIn"><img src="images/icon_error_sml.gif" alt="" /></a></td>
<td><a name="TC_core.MultipleTest.test_Title_ValidationIteration__19_:_exp:_Worlds_Largest_Professional_Network__LinkedIn_act:_Worlds_Largest_Professional_Network__LinkedIn"></a><a href="#core.MultipleTest.test_Title_ValidationIteration__19_:_exp:_Worlds_Largest_Professional_Network__LinkedIn_act:_Worlds_Largest_Professional_Network__LinkedIn">test_Title_Validation[Iteration # 19 : exp: World&#xe2;&#x20ac;&#x2122;s Largest Professional Network | LinkedIn; act: World&#x2019;s Largest Professional Network | LinkedIn]</a>
<div class="detailToggle" style="display:inline"><a href="javascript:toggleDisplay(&apos;core.MultipleTest.test_Title_ValidationIteration__19_:_exp:_Worlds_Largest_Professional_Network__LinkedIn_act:_Worlds_Largest_Professional_Network__LinkedIn&apos;);"><span style="display:inline;" id="core.MultipleTest.test_Title_ValidationIteration__19_:_exp:_Worlds_Largest_Professional_Network__LinkedIn_act:_Worlds_Largest_Professional_Network__LinkedInoff"> + </span><span style="display:none;" id="core.MultipleTest.test_Title_ValidationIteration__19_:_exp:_Worlds_Largest_Professional_Network__LinkedIn_act:_Worlds_Largest_Professional_Network__LinkedInon"> - </span>[ Detail ]</a></div></td>
<td>0</td></tr>
<tr class="a">
<td></td>
<td>FAILED expected:&lt;World[&#xe2;&#x20ac;&#x2122;]s Largest Profession...&gt; but was:&lt;World[&#x2019;]s Largest Profession...&gt;</td>
<td></td></tr>
<tr class="b">
<td></td>
<td>
<div id="core.MultipleTest.test_Title_ValidationIteration__19_:_exp:_Worlds_Largest_Professional_Network__LinkedIn_act:_Worlds_Largest_Professional_Network__LinkedInerror" style="display:none;">
<div>
<pre>org.junit.ComparisonFailure: FAILED expected:&lt;World[&#xe2;&#x20ac;&#x2122;]s Largest Profession...&gt; but was:&lt;World[&#x2019;]s Largest Profession...&gt;
	at org.junit.Assert.assertEquals(Assert.java:115)
	at core.MultipleTest.test_Title_Validation(MultipleTest.java:66)
	at sun.reflect.GeneratedMethodAccessor1.invoke(Unknown Source)
	at sun.reflect.DelegatingMethodAccessorImpl.invoke(DelegatingMethodAccessorImpl.java:43)
	at java.lang.reflect.Method.invoke(Method.java:606)
	at org.junit.runners.model.FrameworkMethod$1.runReflectiveCall(FrameworkMethod.java:50)
	at org.junit.internal.runners.model.ReflectiveCallable.run(ReflectiveCallable.java:12)
	at org.junit.runners.model.FrameworkMethod.invokeExplosively(FrameworkMethod.java:47)
	at org.junit.internal.runners.statements.InvokeMethod.evaluate(InvokeMethod.java:17)
	at org.junit.runners.ParentRunner.runLeaf(ParentRunner.java:325)
	at org.junit.runners.BlockJUnit4ClassRunner.runChild(BlockJUnit4ClassRunner.java:78)
	at org.junit.runners.BlockJUnit4ClassRunner.runChild(BlockJUnit4ClassRunner.java:57)
	at org.junit.runners.ParentRunner$3.run(ParentRunner.java:290)
	at org.junit.runners.ParentRunner$1.schedule(ParentRunner.java:71)
	at org.junit.runners.ParentRunner.runChildren(ParentRunner.java:288)
	at org.junit.runners.ParentRunner.access$000(ParentRunner.java:58)
	at org.junit.runners.ParentRunner$2.evaluate(ParentRunner.java:268)
	at org.junit.runners.ParentRunner.run(ParentRunner.java:363)
	at org.junit.runners.Suite.runChild(Suite.java:128)
	at org.junit.runners.Suite.runChild(Suite.java:27)
	at org.junit.runners.ParentRunner$3.run(ParentRunner.java:290)
	at org.junit.runners.ParentRunner$1.schedule(ParentRunner.java:71)
	at org.junit.runners.ParentRunner.runChildren(ParentRunner.java:288)
	at org.junit.runners.ParentRunner.access$000(ParentRunner.java:58)
	at org.junit.runners.ParentRunner$2.evaluate(ParentRunner.java:268)
	at org.junit.internal.runners.statements.RunBefores.evaluate(RunBefores.java:26)
	at org.junit.runners.ParentRunner.run(ParentRunner.java:363)
	at org.junit.runners.Suite.runChild(Suite.java:128)
	at org.junit.runners.Suite.runChild(Suite.java:27)
	at org.junit.runners.ParentRunner$3.run(ParentRunner.java:290)
	at org.junit.runners.ParentRunner$1.schedule(ParentRunner.java:71)
	at org.junit.runners.ParentRunner.runChildren(ParentRunner.java:288)
	at org.junit.runners.ParentRunner.access$000(ParentRunner.java:58)
	at org.junit.runners.ParentRunner$2.evaluate(ParentRunner.java:268)
	at org.junit.runners.ParentRunner.run(ParentRunner.java:363)
	at org.apache.maven.surefire.junit4.JUnit4Provider.execute(JUnit4Provider.java:252)
	at org.apache.maven.surefire.junit4.JUnit4Provider.executeTestSet(JUnit4Provider.java:141)
	at org.apache.maven.surefire.junit4.JUnit4Provider.invoke(JUnit4Provider.java:112)
	at sun.reflect.NativeMethodAccessorImpl.invoke0(Native Method)
	at sun.reflect.NativeMethodAccessorImpl.invoke(NativeMethodAccessorImpl.java:57)
	at sun.reflect.DelegatingMethodAccessorImpl.invoke(DelegatingMethodAccessorImpl.java:43)
	at java.lang.reflect.Method.invoke(Method.java:606)
	at org.apache.maven.surefire.util.ReflectionUtils.invokeMethodWithArray(ReflectionUtils.java:189)
	at org.apache.maven.surefire.booter.ProviderFactory$ProviderProxy.invoke(ProviderFactory.java:165)
	at org.apache.maven.surefire.booter.ProviderFactory.invokeProvider(ProviderFactory.java:85)
	at org.apache.maven.surefire.booter.ForkedBooter.runSuitesInProcess(ForkedBooter.java:115)
	at org.apache.maven.surefire.booter.ForkedBooter.main(ForkedBooter.java:75)</pre></div></div></td>
<td></td></tr>
<tr class="a">
<td><a href="#core.MultipleTest.test_Title_ValidationIteration__20_:_exp:_Worlds_Largest_Professional_Network__LinkedInw_act:_Worlds_Largest_Professional_Network__LinkedIn"><img src="images/icon_error_sml.gif" alt="" /></a></td>
<td><a name="TC_core.MultipleTest.test_Title_ValidationIteration__20_:_exp:_Worlds_Largest_Professional_Network__LinkedInw_act:_Worlds_Largest_Professional_Network__LinkedIn"></a><a href="#core.MultipleTest.test_Title_ValidationIteration__20_:_exp:_Worlds_Largest_Professional_Network__LinkedInw_act:_Worlds_Largest_Professional_Network__LinkedIn">test_Title_Validation[Iteration # 20 : exp: World&#xe2;&#x20ac;&#x2122;s Largest Professional Network | LinkedInw; act: World&#x2019;s Largest Professional Network | LinkedIn]</a>
<div class="detailToggle" style="display:inline"><a href="javascript:toggleDisplay(&apos;core.MultipleTest.test_Title_ValidationIteration__20_:_exp:_Worlds_Largest_Professional_Network__LinkedInw_act:_Worlds_Largest_Professional_Network__LinkedIn&apos;);"><span style="display:inline;" id="core.MultipleTest.test_Title_ValidationIteration__20_:_exp:_Worlds_Largest_Professional_Network__LinkedInw_act:_Worlds_Largest_Professional_Network__LinkedInoff"> + </span><span style="display:none;" id="core.MultipleTest.test_Title_ValidationIteration__20_:_exp:_Worlds_Largest_Professional_Network__LinkedInw_act:_Worlds_Largest_Professional_Network__LinkedInon"> - </span>[ Detail ]</a></div></td>
<td>0.001</td></tr>
<tr class="b">
<td></td>
<td>FAILED expected:&lt;World[&#xe2;&#x20ac;&#x2122;s Largest Professional Network | LinkedInw]&gt; but was:&lt;World[&#x2019;s Largest Professional Network | LinkedIn]&gt;</td>
<td></td></tr>
<tr class="a">
<td></td>
<td>
<div id="core.MultipleTest.test_Title_ValidationIteration__20_:_exp:_Worlds_Largest_Professional_Network__LinkedInw_act:_Worlds_Largest_Professional_Network__LinkedInerror" style="display:none;">
<div>
<pre>org.junit.ComparisonFailure: FAILED expected:&lt;World[&#xe2;&#x20ac;&#x2122;s Largest Professional Network | LinkedInw]&gt; but was:&lt;World[&#x2019;s Largest Professional Network | LinkedIn]&gt;
	at org.junit.Assert.assertEquals(Assert.java:115)
	at core.MultipleTest.test_Title_Validation(MultipleTest.java:66)
	at sun.reflect.GeneratedMethodAccessor1.invoke(Unknown Source)
	at sun.reflect.DelegatingMethodAccessorImpl.invoke(DelegatingMethodAccessorImpl.java:43)
	at java.lang.reflect.Method.invoke(Method.java:606)
	at org.junit.runners.model.FrameworkMethod$1.runReflectiveCall(FrameworkMethod.java:50)
	at org.junit.internal.runners.model.ReflectiveCallable.run(ReflectiveCallable.java:12)
	at org.junit.runners.model.FrameworkMethod.invokeExplosively(FrameworkMethod.java:47)
	at org.junit.internal.runners.statements.InvokeMethod.evaluate(InvokeMethod.java:17)
	at org.junit.runners.ParentRunner.runLeaf(ParentRunner.java:325)
	at org.junit.runners.BlockJUnit4ClassRunner.runChild(BlockJUnit4ClassRunner.java:78)
	at org.junit.runners.BlockJUnit4ClassRunner.runChild(BlockJUnit4ClassRunner.java:57)
	at org.junit.runners.ParentRunner$3.run(ParentRunner.java:290)
	at org.junit.runners.ParentRunner$1.schedule(ParentRunner.java:71)
	at org.junit.runners.ParentRunner.runChildren(ParentRunner.java:288)
	at org.junit.runners.ParentRunner.access$000(ParentRunner.java:58)
	at org.junit.runners.ParentRunner$2.evaluate(ParentRunner.java:268)
	at org.junit.runners.ParentRunner.run(ParentRunner.java:363)
	at org.junit.runners.Suite.runChild(Suite.java:128)
	at org.junit.runners.Suite.runChild(Suite.java:27)
	at org.junit.runners.ParentRunner$3.run(ParentRunner.java:290)
	at org.junit.runners.ParentRunner$1.schedule(ParentRunner.java:71)
	at org.junit.runners.ParentRunner.runChildren(ParentRunner.java:288)
	at org.junit.runners.ParentRunner.access$000(ParentRunner.java:58)
	at org.junit.runners.ParentRunner$2.evaluate(ParentRunner.java:268)
	at org.junit.internal.runners.statements.RunBefores.evaluate(RunBefores.java:26)
	at org.junit.runners.ParentRunner.run(ParentRunner.java:363)
	at org.junit.runners.Suite.runChild(Suite.java:128)
	at org.junit.runners.Suite.runChild(Suite.java:27)
	at org.junit.runners.ParentRunner$3.run(ParentRunner.java:290)
	at org.junit.runners.ParentRunner$1.schedule(ParentRunner.java:71)
	at org.junit.runners.ParentRunner.runChildren(ParentRunner.java:288)
	at org.junit.runners.ParentRunner.access$000(ParentRunner.java:58)
	at org.junit.runners.ParentRunner$2.evaluate(ParentRunner.java:268)
	at org.junit.runners.ParentRunner.run(ParentRunner.java:363)
	at org.apache.maven.surefire.junit4.JUnit4Provider.execute(JUnit4Provider.java:252)
	at org.apache.maven.surefire.junit4.JUnit4Provider.executeTestSet(JUnit4Provider.java:141)
	at org.apache.maven.surefire.junit4.JUnit4Provider.invoke(JUnit4Provider.java:112)
	at sun.reflect.NativeMethodAccessorImpl.invoke0(Native Method)
	at sun.reflect.NativeMethodAccessorImpl.invoke(NativeMethodAccessorImpl.java:57)
	at sun.reflect.DelegatingMethodAccessorImpl.invoke(DelegatingMethodAccessorImpl.java:43)
	at java.lang.reflect.Method.invoke(Method.java:606)
	at org.apache.maven.surefire.util.ReflectionUtils.invokeMethodWithArray(ReflectionUtils.java:189)
	at org.apache.maven.surefire.booter.ProviderFactory$ProviderProxy.invoke(ProviderFactory.java:165)
	at org.apache.maven.surefire.booter.ProviderFactory.invokeProvider(ProviderFactory.java:85)
	at org.apache.maven.surefire.booter.ForkedBooter.runSuitesInProcess(ForkedBooter.java:115)
	at org.apache.maven.surefire.booter.ForkedBooter.main(ForkedBooter.java:75)</pre></div></div></td>
<td></td></tr>
<tr class="b">
<td><a href="#core.MultipleTest.test_Title_ValidationIteration__21_:_exp:_Yammer_:_RU_:_Home_act:_Yammer_:_RU"><img src="images/icon_error_sml.gif" alt="" /></a></td>
<td><a name="TC_core.MultipleTest.test_Title_ValidationIteration__21_:_exp:_Yammer_:_RU_:_Home_act:_Yammer_:_RU"></a><a href="#core.MultipleTest.test_Title_ValidationIteration__21_:_exp:_Yammer_:_RU_:_Home_act:_Yammer_:_RU">test_Title_Validation[Iteration # 21 : exp: Yammer : RU : Home; act: Yammer : RU]</a>
<div class="detailToggle" style="display:inline"><a href="javascript:toggleDisplay(&apos;core.MultipleTest.test_Title_ValidationIteration__21_:_exp:_Yammer_:_RU_:_Home_act:_Yammer_:_RU&apos;);"><span style="display:inline;" id="core.MultipleTest.test_Title_ValidationIteration__21_:_exp:_Yammer_:_RU_:_Home_act:_Yammer_:_RUoff"> + </span><span style="display:none;" id="core.MultipleTest.test_Title_ValidationIteration__21_:_exp:_Yammer_:_RU_:_Home_act:_Yammer_:_RUon"> - </span>[ Detail ]</a></div></td>
<td>0.001</td></tr>
<tr class="a">
<td></td>
<td>FAILED expected:&lt;Yammer : RU[ : Home]&gt; but was:&lt;Yammer : RU[]&gt;</td>
<td></td></tr>
<tr class="b">
<td></td>
<td>
<div id="core.MultipleTest.test_Title_ValidationIteration__21_:_exp:_Yammer_:_RU_:_Home_act:_Yammer_:_RUerror" style="display:none;">
<div>
<pre>org.junit.ComparisonFailure: FAILED expected:&lt;Yammer : RU[ : Home]&gt; but was:&lt;Yammer : RU[]&gt;
	at org.junit.Assert.assertEquals(Assert.java:115)
	at core.MultipleTest.test_Title_Validation(MultipleTest.java:66)
	at sun.reflect.GeneratedMethodAccessor1.invoke(Unknown Source)
	at sun.reflect.DelegatingMethodAccessorImpl.invoke(DelegatingMethodAccessorImpl.java:43)
	at java.lang.reflect.Method.invoke(Method.java:606)
	at org.junit.runners.model.FrameworkMethod$1.runReflectiveCall(FrameworkMethod.java:50)
	at org.junit.internal.runners.model.ReflectiveCallable.run(ReflectiveCallable.java:12)
	at org.junit.runners.model.FrameworkMethod.invokeExplosively(FrameworkMethod.java:47)
	at org.junit.internal.runners.statements.InvokeMethod.evaluate(InvokeMethod.java:17)
	at org.junit.runners.ParentRunner.runLeaf(ParentRunner.java:325)	at org.junit.runners.BlockJUnit4ClassRunner.runChild(BlockJUnit4ClassRunner.java:78)
	at org.junit.runners.BlockJUnit4ClassRunner.runChild(BlockJUnit4ClassRunner.java:57)
	at org.junit.runners.ParentRunner$3.run(ParentRunner.java:290)
	at org.junit.runners.ParentRunner$1.schedule(ParentRunner.java:71)
	at org.junit.runners.ParentRunner.runChildren(ParentRunner.java:288)
	at org.junit.runners.ParentRunner.access$000(ParentRunner.java:58)
	at org.junit.runners.ParentRunner$2.evaluate(ParentRunner.java:268)
	at org.junit.runners.ParentRunner.run(ParentRunner.java:363)
	at org.junit.runners.Suite.runChild(Suite.java:128)
	at org.junit.runners.Suite.runChild(Suite.java:27)
	at org.junit.runners.ParentRunner$3.run(ParentRunner.java:290)
	at org.junit.runners.ParentRunner$1.schedule(ParentRunner.java:71)
	at org.junit.runners.ParentRunner.runChildren(ParentRunner.java:288)
	at org.junit.runners.ParentRunner.access$000(ParentRunner.java:58)
	at org.junit.runners.ParentRunner$2.evaluate(ParentRunner.java:268)
	at org.junit.internal.runners.statements.RunBefores.evaluate(RunBefores.java:26)
	at org.junit.runners.ParentRunner.run(ParentRunner.java:363)
	at org.junit.runners.Suite.runChild(Suite.java:128)
	at org.junit.runners.Suite.runChild(Suite.java:27)
	at org.junit.runners.ParentRunner$3.run(ParentRunner.java:290)
	at org.junit.runners.ParentRunner$1.schedule(ParentRunner.java:71)
	at org.junit.runners.ParentRunner.runChildren(ParentRunner.java:288)
	at org.junit.runners.ParentRunner.access$000(ParentRunner.java:58)
	at org.junit.runners.ParentRunner$2.evaluate(ParentRunner.java:268)
	at org.junit.runners.ParentRunner.run(ParentRunner.java:363)
	at org.apache.maven.surefire.junit4.JUnit4Provider.execute(JUnit4Provider.java:252)
	at org.apache.maven.surefire.junit4.JUnit4Provider.executeTestSet(JUnit4Provider.java:141)
	at org.apache.maven.surefire.junit4.JUnit4Provider.invoke(JUnit4Provider.java:112)
	at sun.reflect.NativeMethodAccessorImpl.invoke0(Native Method)
	at sun.reflect.NativeMethodAccessorImpl.invoke(NativeMethodAccessorImpl.java:57)
	at sun.reflect.DelegatingMethodAccessorImpl.invoke(DelegatingMethodAccessorImpl.java:43)
	at java.lang.reflect.Method.invoke(Method.java:606)
	at org.apache.maven.surefire.util.ReflectionUtils.invokeMethodWithArray(ReflectionUtils.java:189)
	at org.apache.maven.surefire.booter.ProviderFactory$ProviderProxy.invoke(ProviderFactory.java:165)
	at org.apache.maven.surefire.booter.ProviderFactory.invokeProvider(ProviderFactory.java:85)
	at org.apache.maven.surefire.booter.ForkedBooter.runSuitesInProcess(ForkedBooter.java:115)
	at org.apache.maven.surefire.booter.ForkedBooter.main(ForkedBooter.java:75)</pre></div></div></td>
<td></td></tr>
<tr class="a">
<td><a href="#core.MultipleTest.test_Title_ValidationIteration__22_:_exp:_Yammer_:_RU_:_Homeq_act:_Yammer_:_RU"><img src="images/icon_error_sml.gif" alt="" /></a></td>
<td><a name="TC_core.MultipleTest.test_Title_ValidationIteration__22_:_exp:_Yammer_:_RU_:_Homeq_act:_Yammer_:_RU"></a><a href="#core.MultipleTest.test_Title_ValidationIteration__22_:_exp:_Yammer_:_RU_:_Homeq_act:_Yammer_:_RU">test_Title_Validation[Iteration # 22 : exp: Yammer : RU : Homeq; act: Yammer : RU]</a>
<div class="detailToggle" style="display:inline"><a href="javascript:toggleDisplay(&apos;core.MultipleTest.test_Title_ValidationIteration__22_:_exp:_Yammer_:_RU_:_Homeq_act:_Yammer_:_RU&apos;);"><span style="display:inline;" id="core.MultipleTest.test_Title_ValidationIteration__22_:_exp:_Yammer_:_RU_:_Homeq_act:_Yammer_:_RUoff"> + </span><span style="display:none;" id="core.MultipleTest.test_Title_ValidationIteration__22_:_exp:_Yammer_:_RU_:_Homeq_act:_Yammer_:_RUon"> - </span>[ Detail ]</a></div></td>
<td>0.001</td></tr>
<tr class="b">
<td></td>
<td>FAILED expected:&lt;Yammer : RU[ : Homeq]&gt; but was:&lt;Yammer : RU[]&gt;</td>
<td></td></tr>
<tr class="a">
<td></td>
<td>
<div id="core.MultipleTest.test_Title_ValidationIteration__22_:_exp:_Yammer_:_RU_:_Homeq_act:_Yammer_:_RUerror" style="display:none;">
<div>
<pre>org.junit.ComparisonFailure: FAILED expected:&lt;Yammer : RU[ : Homeq]&gt; but was:&lt;Yammer : RU[]&gt;
	at org.junit.Assert.assertEquals(Assert.java:115)
	at core.MultipleTest.test_Title_Validation(MultipleTest.java:66)
	at sun.reflect.GeneratedMethodAccessor1.invoke(Unknown Source)
	at sun.reflect.DelegatingMethodAccessorImpl.invoke(DelegatingMethodAccessorImpl.java:43)
	at java.lang.reflect.Method.invoke(Method.java:606)
	at org.junit.runners.model.FrameworkMethod$1.runReflectiveCall(FrameworkMethod.java:50)
	at org.junit.internal.runners.model.ReflectiveCallable.run(ReflectiveCallable.java:12)
	at org.junit.runners.model.FrameworkMethod.invokeExplosively(FrameworkMethod.java:47)
	at org.junit.internal.runners.statements.InvokeMethod.evaluate(InvokeMethod.java:17)
	at org.junit.runners.ParentRunner.runLeaf(ParentRunner.java:325)
	at org.junit.runners.BlockJUnit4ClassRunner.runChild(BlockJUnit4ClassRunner.java:78)
	at org.junit.runners.BlockJUnit4ClassRunner.runChild(BlockJUnit4ClassRunner.java:57)
	at org.junit.runners.ParentRunner$3.run(ParentRunner.java:290)
	at org.junit.runners.ParentRunner$1.schedule(ParentRunner.java:71)
	at org.junit.runners.ParentRunner.runChildren(ParentRunner.java:288)
	at org.junit.runners.ParentRunner.access$000(ParentRunner.java:58)
	at org.junit.runners.ParentRunner$2.evaluate(ParentRunner.java:268)
	at org.junit.runners.ParentRunner.run(ParentRunner.java:363)
	at org.junit.runners.Suite.runChild(Suite.java:128)
	at org.junit.runners.Suite.runChild(Suite.java:27)
	at org.junit.runners.ParentRunner$3.run(ParentRunner.java:290)
	at org.junit.runners.ParentRunner$1.schedule(ParentRunner.java:71)
	at org.junit.runners.ParentRunner.runChildren(ParentRunner.java:288)
	at org.junit.runners.ParentRunner.access$000(ParentRunner.java:58)
	at org.junit.runners.ParentRunner$2.evaluate(ParentRunner.java:268)
	at org.junit.internal.runners.statements.RunBefores.evaluate(RunBefores.java:26)
	at org.junit.runners.ParentRunner.run(ParentRunner.java:363)
	at org.junit.runners.Suite.runChild(Suite.java:128)
	at org.junit.runners.Suite.runChild(Suite.java:27)
	at org.junit.runners.ParentRunner$3.run(ParentRunner.java:290)
	at org.junit.runners.ParentRunner$1.schedule(ParentRunner.java:71)
	at org.junit.runners.ParentRunner.runChildren(ParentRunner.java:288)
	at org.junit.runners.ParentRunner.access$000(ParentRunner.java:58)
	at org.junit.runners.ParentRunner$2.evaluate(ParentRunner.java:268)
	at org.junit.runners.ParentRunner.run(ParentRunner.java:363)
	at org.apache.maven.surefire.junit4.JUnit4Provider.execute(JUnit4Provider.java:252)
	at org.apache.maven.surefire.junit4.JUnit4Provider.executeTestSet(JUnit4Provider.java:141)
	at org.apache.maven.surefire.junit4.JUnit4Provider.invoke(JUnit4Provider.java:112)
	at sun.reflect.NativeMethodAccessorImpl.invoke0(Native Method)
	at sun.reflect.NativeMethodAccessorImpl.invoke(NativeMethodAccessorImpl.java:57)
	at sun.reflect.DelegatingMethodAccessorImpl.invoke(DelegatingMethodAccessorImpl.java:43)
	at java.lang.reflect.Method.invoke(Method.java:606)
	at org.apache.maven.surefire.util.ReflectionUtils.invokeMethodWithArray(ReflectionUtils.java:189)
	at org.apache.maven.surefire.booter.ProviderFactory$ProviderProxy.invoke(ProviderFactory.java:165)
	at org.apache.maven.surefire.booter.ProviderFactory.invokeProvider(ProviderFactory.java:85)
	at org.apache.maven.surefire.booter.ForkedBooter.runSuitesInProcess(ForkedBooter.java:115)
	at org.apache.maven.surefire.booter.ForkedBooter.main(ForkedBooter.java:75)</pre></div></div></td>
<td></td></tr>
<tr class="b">
<td><a href="#core.MultipleTest.test_Title_ValidationIteration__23_:_exp:_Yahtoo_act:_Yahoo"><img src="images/icon_error_sml.gif" alt="" /></a></td>
<td><a name="TC_core.MultipleTest.test_Title_ValidationIteration__23_:_exp:_Yahtoo_act:_Yahoo"></a><a href="#core.MultipleTest.test_Title_ValidationIteration__23_:_exp:_Yahtoo_act:_Yahoo">test_Title_Validation[Iteration # 23 : exp: Yahtoo; act: Yahoo]</a>
<div class="detailToggle" style="display:inline"><a href="javascript:toggleDisplay(&apos;core.MultipleTest.test_Title_ValidationIteration__23_:_exp:_Yahtoo_act:_Yahoo&apos;);"><span style="display:inline;" id="core.MultipleTest.test_Title_ValidationIteration__23_:_exp:_Yahtoo_act:_Yahoooff"> + </span><span style="display:none;" id="core.MultipleTest.test_Title_ValidationIteration__23_:_exp:_Yahtoo_act:_Yahooon"> - </span>[ Detail ]</a></div></td>
<td>0.001</td></tr>
<tr class="a">
<td></td>
<td>FAILED expected:&lt;Yah[t]oo&gt; but was:&lt;Yah[]oo&gt;</td>
<td></td></tr>
<tr class="b">
<td></td>
<td>
<div id="core.MultipleTest.test_Title_ValidationIteration__23_:_exp:_Yahtoo_act:_Yahooerror" style="display:none;">
<div>
<pre>org.junit.ComparisonFailure: FAILED expected:&lt;Yah[t]oo&gt; but was:&lt;Yah[]oo&gt;
	at org.junit.Assert.assertEquals(Assert.java:115)
	at core.MultipleTest.test_Title_Validation(MultipleTest.java:66)
	at sun.reflect.GeneratedMethodAccessor1.invoke(Unknown Source)
	at sun.reflect.DelegatingMethodAccessorImpl.invoke(DelegatingMethodAccessorImpl.java:43)
	at java.lang.reflect.Method.invoke(Method.java:606)
	at org.junit.runners.model.FrameworkMethod$1.runReflectiveCall(FrameworkMethod.java:50)
	at org.junit.internal.runners.model.ReflectiveCallable.run(ReflectiveCallable.java:12)
	at org.junit.runners.model.FrameworkMethod.invokeExplosively(FrameworkMethod.java:47)
	at org.junit.internal.runners.statements.InvokeMethod.evaluate(InvokeMethod.java:17)
	at org.junit.runners.ParentRunner.runLeaf(ParentRunner.java:325)
	at org.junit.runners.BlockJUnit4ClassRunner.runChild(BlockJUnit4ClassRunner.java:78)
	at org.junit.runners.BlockJUnit4ClassRunner.runChild(BlockJUnit4ClassRunner.java:57)
	at org.junit.runners.ParentRunner$3.run(ParentRunner.java:290)
	at org.junit.runners.ParentRunner$1.schedule(ParentRunner.java:71)
	at org.junit.runners.ParentRunner.runChildren(ParentRunner.java:288)
	at org.junit.runners.ParentRunner.access$000(ParentRunner.java:58)
	at org.junit.runners.ParentRunner$2.evaluate(ParentRunner.java:268)
	at org.junit.runners.ParentRunner.run(ParentRunner.java:363)
	at org.junit.runners.Suite.runChild(Suite.java:128)
	at org.junit.runners.Suite.runChild(Suite.java:27)
	at org.junit.runners.ParentRunner$3.run(ParentRunner.java:290)
	at org.junit.runners.ParentRunner$1.schedule(ParentRunner.java:71)
	at org.junit.runners.ParentRunner.runChildren(ParentRunner.java:288)
	at org.junit.runners.ParentRunner.access$000(ParentRunner.java:58)
	at org.junit.runners.ParentRunner$2.evaluate(ParentRunner.java:268)
	at org.junit.internal.runners.statements.RunBefores.evaluate(RunBefores.java:26)
	at org.junit.runners.ParentRunner.run(ParentRunner.java:363)
	at org.junit.runners.Suite.runChild(Suite.java:128)
	at org.junit.runners.Suite.runChild(Suite.java:27)
	at org.junit.runners.ParentRunner$3.run(ParentRunner.java:290)
	at org.junit.runners.ParentRunner$1.schedule(ParentRunner.java:71)
	at org.junit.runners.ParentRunner.runChildren(ParentRunner.java:288)
	at org.junit.runners.ParentRunner.access$000(ParentRunner.java:58)
	at org.junit.runners.ParentRunner$2.evaluate(ParentRunner.java:268)
	at org.junit.runners.ParentRunner.run(ParentRunner.java:363)
	at org.apache.maven.surefire.junit4.JUnit4Provider.execute(JUnit4Provider.java:252)
	at org.apache.maven.surefire.junit4.JUnit4Provider.executeTestSet(JUnit4Provider.java:141)
	at org.apache.maven.surefire.junit4.JUnit4Provider.invoke(JUnit4Provider.java:112)
	at sun.reflect.NativeMethodAccessorImpl.invoke0(Native Method)
	at sun.reflect.NativeMethodAccessorImpl.invoke(NativeMethodAccessorImpl.java:57)
	at sun.reflect.DelegatingMethodAccessorImpl.invoke(DelegatingMethodAccessorImpl.java:43)
	at java.lang.reflect.Method.invoke(Method.java:606)
	at org.apache.maven.surefire.util.ReflectionUtils.invokeMethodWithArray(ReflectionUtils.java:189)
	at org.apache.maven.surefire.booter.ProviderFactory$ProviderProxy.invoke(ProviderFactory.java:165)
	at org.apache.maven.surefire.booter.ProviderFactory.invokeProvider(ProviderFactory.java:85)
	at org.apache.maven.surefire.booter.ForkedBooter.runSuitesInProcess(ForkedBooter.java:115)
	at org.apache.maven.surefire.booter.ForkedBooter.main(ForkedBooter.java:75)</pre></div></div></td>
<td></td></tr>
<tr class="a">
<td><a href="#core.MultipleTest.test_Title_ValidationIteration__24_:_exp:_Kirkwood_Mountain__Rare_Earth__kirkwood.come_act:_Kirkwood_Mountain__Rare_Earth__kirkwood.com"><img src="images/icon_error_sml.gif" alt="" /></a></td>
<td><a name="TC_core.MultipleTest.test_Title_ValidationIteration__24_:_exp:_Kirkwood_Mountain__Rare_Earth__kirkwood.come_act:_Kirkwood_Mountain__Rare_Earth__kirkwood.com"></a><a href="#core.MultipleTest.test_Title_ValidationIteration__24_:_exp:_Kirkwood_Mountain__Rare_Earth__kirkwood.come_act:_Kirkwood_Mountain__Rare_Earth__kirkwood.com">test_Title_Validation[Iteration # 24 : exp: Kirkwood Mountain | Rare Earth | kirkwood.come; act: Kirkwood Mountain | Rare Earth | kirkwood.com]</a>
<div class="detailToggle" style="display:inline"><a href="javascript:toggleDisplay(&apos;core.MultipleTest.test_Title_ValidationIteration__24_:_exp:_Kirkwood_Mountain__Rare_Earth__kirkwood.come_act:_Kirkwood_Mountain__Rare_Earth__kirkwood.com&apos;);"><span style="display:inline;" id="core.MultipleTest.test_Title_ValidationIteration__24_:_exp:_Kirkwood_Mountain__Rare_Earth__kirkwood.come_act:_Kirkwood_Mountain__Rare_Earth__kirkwood.comoff"> + </span><span style="display:none;" id="core.MultipleTest.test_Title_ValidationIteration__24_:_exp:_Kirkwood_Mountain__Rare_Earth__kirkwood.come_act:_Kirkwood_Mountain__Rare_Earth__kirkwood.comon"> - </span>[ Detail ]</a></div></td>
<td>0.001</td></tr>
<tr class="b">
<td></td>
<td>FAILED expected:&lt;...Earth | kirkwood.com[e]&gt; but was:&lt;...Earth | kirkwood.com[]&gt;</td>
<td></td></tr>
<tr class="a">
<td></td>
<td>
<div id="core.MultipleTest.test_Title_ValidationIteration__24_:_exp:_Kirkwood_Mountain__Rare_Earth__kirkwood.come_act:_Kirkwood_Mountain__Rare_Earth__kirkwood.comerror" style="display:none;">
<div>
<pre>org.junit.ComparisonFailure: FAILED expected:&lt;...Earth | kirkwood.com[e]&gt; but was:&lt;...Earth | kirkwood.com[]&gt;
	at org.junit.Assert.assertEquals(Assert.java:115)
	at core.MultipleTest.test_Title_Validation(MultipleTest.java:66)
	at sun.reflect.GeneratedMethodAccessor1.invoke(Unknown Source)
	at sun.reflect.DelegatingMethodAccessorImpl.invoke(DelegatingMethodAccessorImpl.java:43)
	at java.lang.reflect.Method.invoke(Method.java:606)
	at org.junit.runners.model.FrameworkMethod$1.runReflectiveCall(FrameworkMethod.java:50)
	at org.junit.internal.runners.model.ReflectiveCallable.run(ReflectiveCallable.java:12)
	at org.junit.runners.model.FrameworkMethod.invokeExplosively(FrameworkMethod.java:47)
	at org.junit.internal.runners.statements.InvokeMethod.evaluate(InvokeMethod.java:17)
	at org.junit.runners.ParentRunner.runLeaf(ParentRunner.java:325)
	at org.junit.runners.BlockJUnit4ClassRunner.runChild(BlockJUnit4ClassRunner.java:78)
	at org.junit.runners.BlockJUnit4ClassRunner.runChild(BlockJUnit4ClassRunner.java:57)
	at org.junit.runners.ParentRunner$3.run(ParentRunner.java:290)
	at org.junit.runners.ParentRunner$1.schedule(ParentRunner.java:71)
	at org.junit.runners.ParentRunner.runChildren(ParentRunner.java:288)
	at org.junit.runners.ParentRunner.access$000(ParentRunner.java:58)
	at org.junit.runners.ParentRunner$2.evaluate(ParentRunner.java:268)
	at org.junit.runners.ParentRunner.run(ParentRunner.java:363)
	at org.junit.runners.Suite.runChild(Suite.java:128)
	at org.junit.runners.Suite.runChild(Suite.java:27)
	at org.junit.runners.ParentRunner$3.run(ParentRunner.java:290)
	at org.junit.runners.ParentRunner$1.schedule(ParentRunner.java:71)
	at org.junit.runners.ParentRunner.runChildren(ParentRunner.java:288)
	at org.junit.runners.ParentRunner.access$000(ParentRunner.java:58)
	at org.junit.runners.ParentRunner$2.evaluate(ParentRunner.java:268)
	at org.junit.internal.runners.statements.RunBefores.evaluate(RunBefores.java:26)
	at org.junit.runners.ParentRunner.run(ParentRunner.java:363)
	at org.junit.runners.Suite.runChild(Suite.java:128)
	at org.junit.runners.Suite.runChild(Suite.java:27)
	at org.junit.runners.ParentRunner$3.run(ParentRunner.java:290)
	at org.junit.runners.ParentRunner$1.schedule(ParentRunner.java:71)
	at org.junit.runners.ParentRunner.runChildren(ParentRunner.java:288)
	at org.junit.runners.ParentRunner.access$000(ParentRunner.java:58)
	at org.junit.runners.ParentRunner$2.evaluate(ParentRunner.java:268)
	at org.junit.runners.ParentRunner.run(ParentRunner.java:363)
	at org.apache.maven.surefire.junit4.JUnit4Provider.execute(JUnit4Provider.java:252)
	at org.apache.maven.surefire.junit4.JUnit4Provider.executeTestSet(JUnit4Provider.java:141)
	at org.apache.maven.surefire.junit4.JUnit4Provider.invoke(JUnit4Provider.java:112)
	at sun.reflect.NativeMethodAccessorImpl.invoke0(Native Method)
	at sun.reflect.NativeMethodAccessorImpl.invoke(NativeMethodAccessorImpl.java:57)
	at sun.reflect.DelegatingMethodAccessorImpl.invoke(DelegatingMethodAccessorImpl.java:43)
	at java.lang.reflect.Method.invoke(Method.java:606)
	at org.apache.maven.surefire.util.ReflectionUtils.invokeMethodWithArray(ReflectionUtils.java:189)
	at org.apache.maven.surefire.booter.ProviderFactory$ProviderProxy.invoke(ProviderFactory.java:165)
	at org.apache.maven.surefire.booter.ProviderFactory.invokeProvider(ProviderFactory.java:85)
	at org.apache.maven.surefire.booter.ForkedBooter.runSuitesInProcess(ForkedBooter.java:115)
	at org.apache.maven.surefire.booter.ForkedBooter.main(ForkedBooter.java:75)</pre></div></div></td>
<td></td></tr></table></div><br /></div>
<div class="section">
<h2>Failure Details<a name="Failure_Details"></a></h2><a name="Failure_Details"></a>
<p>[<a href="#Summary">Summary</a>] [<a href="#Package_List">Package List</a>] [<a href="#Test_Cases">Test Cases</a>]</p><br />
<table border="1" class="bodyTable">
<tr class="a">
<td><img src="images/icon_error_sml.gif" alt="" /></td>
<td><a name="core.MultipleTest.test_Title_ValidationIteration__2_:_exp:_www.alegro.net_act:_alegro.net"></a>test_Title_Validation[Iteration # 2 : exp: www.alegro.net; act: alegro.net]</td></tr>
<tr class="b">
<td></td>
<td>org.junit.ComparisonFailure: FAILED expected:&lt;[www.]alegro.net&gt; but was:&lt;[]alegro.net&gt;</td></tr>
<tr class="a">
<td></td>
<td>
<div id="test_Title_Validation[Iteration # 2 : exp: www.alegro.net; act: alegro.net]error">core.MultipleTest:66</div></td></tr>
<tr class="b">
<td><img src="images/icon_error_sml.gif" alt="" /></td>
<td><a name="core.MultipleTest.test_Title_ValidationIteration__4_:_exp:_Electronics_act:_Electronics_Cars_Fashion_Collectibles_Coupons_and_More__eBay"></a>test_Title_Validation[Iteration # 4 : exp: Electronics; act: Electronics, Cars, Fashion, Collectibles, Coupons and More | eBay]</td></tr>
<tr class="a">
<td></td>
<td>org.junit.ComparisonFailure: FAILED expected:&lt;Electronics[]&gt; but was:&lt;Electronics[, Cars, Fashion, Collectibles, Coupons and More | eBay]&gt;</td></tr>
<tr class="b">
<td></td>
<td>
<div id="test_Title_Validation[Iteration # 4 : exp: Electronics; act: Electronics, Cars, Fashion, Collectibles, Coupons and More | eBay]error">core.MultipleTest:66</div></td></tr>
<tr class="a">
<td><img src="images/icon_error_sml.gif" alt="" /></td>
<td><a name="core.MultipleTest.test_Title_ValidationIteration__6_:_exp:_W3Schools_Online_Web_Tutorial__act:_W3Schools_Online_Web_Tutorials"></a>test_Title_Validation[Iteration # 6 : exp: W3Schools Online Web Tutorial ; act: W3Schools Online Web Tutorials]</td></tr>
<tr class="b">
<td></td>
<td>org.junit.ComparisonFailure: FAILED expected:&lt;... Online Web Tutorial[ ]&gt; but was:&lt;... Online Web Tutorial[s]&gt;</td></tr>
<tr class="a">
<td></td>
<td>
<div id="test_Title_Validation[Iteration # 6 : exp: W3Schools Online Web Tutorial ; act: W3Schools Online Web Tutorials]error">core.MultipleTest:66</div></td></tr>
<tr class="b">
<td><img src="images/icon_error_sml.gif" alt="" /></td>
<td><a name="core.MultipleTest.test_Title_ValidationIteration__8_:_exp:_Google1_act:_Google"></a>test_Title_Validation[Iteration # 8 : exp: Google1; act: Google]</td></tr>
<tr class="a">
<td></td>
<td>org.junit.ComparisonFailure: FAILED expected:&lt;Google[1]&gt; but was:&lt;Google[]&gt;</td></tr>
<tr class="b">
<td></td>
<td>
<div id="test_Title_Validation[Iteration # 8 : exp: Google1; act: Google]error">core.MultipleTest:66</div></td></tr>
<tr class="a">
<td><img src="images/icon_error_sml.gif" alt="" /></td>
<td><a name="core.MultipleTest.test_Title_ValidationIteration__10_:_exp:_Yaho_act:_Yahoo"></a>test_Title_Validation[Iteration # 10 : exp: Yaho; act: Yahoo]</td></tr>
<tr class="b">
<td></td>
<td>org.junit.ComparisonFailure: FAILED expected:&lt;Yaho[]&gt; but was:&lt;Yaho[o]&gt;</td></tr>
<tr class="a">
<td></td>
<td>
<div id="test_Title_Validation[Iteration # 10 : exp: Yaho; act: Yahoo]error">core.MultipleTest:66</div></td></tr>
<tr class="b">
<td><img src="images/icon_error_sml.gif" alt="" /></td>
<td><a name="core.MultipleTest.test_Title_ValidationIteration__12_:_exp:_Kirkwood_Mountain__Rare_Earth__kirkwood.co_act:_Kirkwood_Mountain__Rare_Earth__kirkwood.com"></a>test_Title_Validation[Iteration # 12 : exp: Kirkwood Mountain | Rare Earth | kirkwood.co; act: Kirkwood Mountain | Rare Earth | kirkwood.com]</td></tr>
<tr class="a">
<td></td>
<td>org.junit.ComparisonFailure: FAILED expected:&lt;... Earth | kirkwood.co[]&gt; but was:&lt;... Earth | kirkwood.co[m]&gt;</td></tr>
<tr class="b">
<td></td>
<td>
<div id="test_Title_Validation[Iteration # 12 : exp: Kirkwood Mountain | Rare Earth | kirkwood.co; act: Kirkwood Mountain | Rare Earth | kirkwood.com]error">core.MultipleTest:66</div></td></tr>
<tr class="a">
<td><img src="images/icon_error_sml.gif" alt="" /></td>
<td><a name="core.MultipleTest.test_Title_ValidationIteration__14_:_exp:_Stack_Overflo_act:_Stack_Overflow"></a>test_Title_Validation[Iteration # 14 : exp: Stack Overflo; act: Stack Overflow]</td></tr>
<tr class="b">
<td></td>
<td>org.junit.ComparisonFailure: FAILED expected:&lt;Stack Overflo[]&gt; but was:&lt;Stack Overflo[w]&gt;</td></tr>
<tr class="a">
<td></td>
<td>
<div id="test_Title_Validation[Iteration # 14 : exp: Stack Overflo; act: Stack Overflow]error">core.MultipleTest:66</div></td></tr>
<tr class="b">
<td><img src="images/icon_error_sml.gif" alt="" /></td>
<td><a name="core.MultipleTest.test_Title_ValidationIteration__16_:_exp:_Speedtest.net_by_Ookla_-_The_Global_Broadband_Speed_Tes_act:_Speedtest.net_by_Ookla_-_The_Global_Broadband_Speed_Test"></a>test_Title_Validation[Iteration # 16 : exp: Speedtest.net by Ookla - The Global Broadband Speed Tes; act: Speedtest.net by Ookla - The Global Broadband Speed Test]</td></tr>
<tr class="a">
<td></td>
<td>org.junit.ComparisonFailure: FAILED expected:&lt;... Broadband Speed Tes[]&gt; but was:&lt;... Broadband Speed Tes[t]&gt;</td></tr>
<tr class="b">
<td></td>
<td>
<div id="test_Title_Validation[Iteration # 16 : exp: Speedtest.net by Ookla - The Global Broadband Speed Tes; act: Speedtest.net by Ookla - The Global Broadband Speed Test]error">core.MultipleTest:66</div></td></tr>
<tr class="a">
<td><img src="images/icon_error_sml.gif" alt="" /></td>
<td><a name="core.MultipleTest.test_Title_ValidationIteration__18_:_exp:_Copart_USA_-_Leader_in_Online_Salvage__Insurance_Auto_Auction_act:_Copart_USA_-_Leader_in_Online_Salvage__Insurance_Auto_Auctions"></a>test_Title_Validation[Iteration # 18 : exp: Copart USA - Leader in Online Salvage &amp; Insurance Auto Auction; act: Copart USA - Leader in Online Salvage &amp; Insurance Auto Auctions]</td></tr>
<tr class="b">
<td></td>
<td>org.junit.ComparisonFailure: FAILED expected:&lt;...surance Auto Auction[]&gt; but was:&lt;...surance Auto Auction[s]&gt;</td></tr>
<tr class="a">
<td></td>
<td>
<div id="test_Title_Validation[Iteration # 18 : exp: Copart USA - Leader in Online Salvage &amp; Insurance Auto Auction; act: Copart USA - Leader in Online Salvage &amp; Insurance Auto Auctions]error">core.MultipleTest:66</div></td></tr>
<tr class="b">
<td><img src="images/icon_error_sml.gif" alt="" /></td>
<td><a name="core.MultipleTest.test_Title_ValidationIteration__19_:_exp:_Worlds_Largest_Professional_Network__LinkedIn_act:_Worlds_Largest_Professional_Network__LinkedIn"></a>test_Title_Validation[Iteration # 19 : exp: World&#xe2;&#x20ac;&#x2122;s Largest Professional Network | LinkedIn; act: World&#x2019;s Largest Professional Network | LinkedIn]</td></tr>
<tr class="a">
<td></td>
<td>org.junit.ComparisonFailure: FAILED expected:&lt;World[&#xe2;&#x20ac;&#x2122;]s Largest Profession...&gt; but was:&lt;World[&#x2019;]s Largest Profession...&gt;</td></tr>
<tr class="b">
<td></td>
<td>
<div id="test_Title_Validation[Iteration # 19 : exp: World&#xe2;&#x20ac;&#x2122;s Largest Professional Network | LinkedIn; act: World&#x2019;s Largest Professional Network | LinkedIn]error">core.MultipleTest:66</div></td></tr>
<tr class="a">
<td><img src="images/icon_error_sml.gif" alt="" /></td>
<td><a name="core.MultipleTest.test_Title_ValidationIteration__20_:_exp:_Worlds_Largest_Professional_Network__LinkedInw_act:_Worlds_Largest_Professional_Network__LinkedIn"></a>test_Title_Validation[Iteration # 20 : exp: World&#xe2;&#x20ac;&#x2122;s Largest Professional Network | LinkedInw; act: World&#x2019;s Largest Professional Network | LinkedIn]</td></tr>
<tr class="b">
<td></td>
<td>org.junit.ComparisonFailure: FAILED expected:&lt;World[&#xe2;&#x20ac;&#x2122;s Largest Professional Network | LinkedInw]&gt; but was:&lt;World[&#x2019;s Largest Professional Network | LinkedIn]&gt;</td></tr>
<tr class="a">
<td></td>
<td>
<div id="test_Title_Validation[Iteration # 20 : exp: World&#xe2;&#x20ac;&#x2122;s Largest Professional Network | LinkedInw; act: World&#x2019;s Largest Professional Network | LinkedIn]error">core.MultipleTest:66</div></td></tr>
<tr class="b">
<td><img src="images/icon_error_sml.gif" alt="" /></td>
<td><a name="core.MultipleTest.test_Title_ValidationIteration__21_:_exp:_Yammer_:_RU_:_Home_act:_Yammer_:_RU"></a>test_Title_Validation[Iteration # 21 : exp: Yammer : RU : Home; act: Yammer : RU]</td></tr>
<tr class="a">
<td></td>
<td>org.junit.ComparisonFailure: FAILED expected:&lt;Yammer : RU[ : Home]&gt; but was:&lt;Yammer : RU[]&gt;</td></tr>
<tr class="b">
<td></td>
<td>
<div id="test_Title_Validation[Iteration # 21 : exp: Yammer : RU : Home; act: Yammer : RU]error">core.MultipleTest:66</div></td></tr>
<tr class="a">
<td><img src="images/icon_error_sml.gif" alt="" /></td>
<td><a name="core.MultipleTest.test_Title_ValidationIteration__22_:_exp:_Yammer_:_RU_:_Homeq_act:_Yammer_:_RU"></a>test_Title_Validation[Iteration # 22 : exp: Yammer : RU : Homeq; act: Yammer : RU]</td></tr>
<tr class="b">
<td></td>
<td>org.junit.ComparisonFailure: FAILED expected:&lt;Yammer : RU[ : Homeq]&gt; but was:&lt;Yammer : RU[]&gt;</td></tr>
<tr class="a">
<td></td>
<td>
<div id="test_Title_Validation[Iteration # 22 : exp: Yammer : RU : Homeq; act: Yammer : RU]error">core.MultipleTest:66</div></td></tr>
<tr class="b">
<td><img src="images/icon_error_sml.gif" alt="" /></td>
<td><a name="core.MultipleTest.test_Title_ValidationIteration__23_:_exp:_Yahtoo_act:_Yahoo"></a>test_Title_Validation[Iteration # 23 : exp: Yahtoo; act: Yahoo]</td></tr>
<tr class="a">
<td></td>
<td>org.junit.ComparisonFailure: FAILED expected:&lt;Yah[t]oo&gt; but was:&lt;Yah[]oo&gt;</td></tr>
<tr class="b">
<td></td>
<td>
<div id="test_Title_Validation[Iteration # 23 : exp: Yahtoo; act: Yahoo]error">core.MultipleTest:66</div></td></tr>
<tr class="a">
<td><img src="images/icon_error_sml.gif" alt="" /></td>
<td><a name="core.MultipleTest.test_Title_ValidationIteration__24_:_exp:_Kirkwood_Mountain__Rare_Earth__kirkwood.come_act:_Kirkwood_Mountain__Rare_Earth__kirkwood.com"></a>test_Title_Validation[Iteration # 24 : exp: Kirkwood Mountain | Rare Earth | kirkwood.come; act: Kirkwood Mountain | Rare Earth | kirkwood.com]</td></tr>
<tr class="b">
<td></td>
<td>org.junit.ComparisonFailure: FAILED expected:&lt;...Earth | kirkwood.com[e]&gt; but was:&lt;...Earth | kirkwood.com[]&gt;</td></tr>
<tr class="a">
<td></td>
<td>
<div id="test_Title_Validation[Iteration # 24 : exp: Kirkwood Mountain | Rare Earth | kirkwood.come; act: Kirkwood Mountain | Rare Earth | kirkwood.com]error">core.MultipleTest:66</div></td></tr></table><br /></div>
      </div>
    </div>
    <div class="clear">
      <hr/>
    </div>
    <div id="footer">
      <div class="xright">
              Copyright &#169;                   2016.
          All Rights Reserved.      
                    
                  </div>
      <div class="clear">
        <hr/>
      </div>
    </div>
  </body>
</html>
